[2026-04-21T08:55:56.159+0000] {processor.py:161} INFO - Started process (PID=193) to work on /opt/airflow/dags/ingestion_seattle_population_dag.py
[2026-04-21T08:55:56.160+0000] {processor.py:830} INFO - Processing file /opt/airflow/dags/ingestion_seattle_population_dag.py for tasks to queue
[2026-04-21T08:55:56.161+0000] {logging_mixin.py:188} INFO - [2026-04-21T08:55:56.161+0000] {dagbag.py:545} INFO - Filling up the DagBag from /opt/airflow/dags/ingestion_seattle_population_dag.py
[2026-04-21T08:55:56.185+0000] {processor.py:840} INFO - DAG(s) 'ingestion_seattle_population' retrieved from /opt/airflow/dags/ingestion_seattle_population_dag.py
[2026-04-21T08:55:56.388+0000] {logging_mixin.py:188} INFO - [2026-04-21T08:55:56.388+0000] {override.py:1829} INFO - Created Permission View: can read on DAG:ingestion_seattle_population
[2026-04-21T08:55:56.392+0000] {logging_mixin.py:188} INFO - [2026-04-21T08:55:56.391+0000] {override.py:1829} INFO - Created Permission View: can edit on DAG:ingestion_seattle_population
[2026-04-21T08:55:56.393+0000] {logging_mixin.py:188} INFO - [2026-04-21T08:55:56.393+0000] {override.py:1829} INFO - Created Permission View: can delete on DAG:ingestion_seattle_population
[2026-04-21T08:55:56.394+0000] {logging_mixin.py:188} INFO - [2026-04-21T08:55:56.393+0000] {dag.py:3096} INFO - Sync 1 DAGs
[2026-04-21T08:55:56.398+0000] {logging_mixin.py:188} INFO - [2026-04-21T08:55:56.398+0000] {dag.py:3118} INFO - Creating ORM DAG for ingestion_seattle_population
[2026-04-21T08:55:56.406+0000] {logging_mixin.py:188} INFO - [2026-04-21T08:55:56.406+0000] {dag.py:3954} INFO - Setting next_dagrun for ingestion_seattle_population to 2026-01-01 00:00:00+00:00, run_after=2027-01-01 00:00:00+00:00
[2026-04-21T08:55:56.416+0000] {processor.py:183} INFO - Processing /opt/airflow/dags/ingestion_seattle_population_dag.py took 0.261 seconds
[2026-04-21T08:56:26.736+0000] {processor.py:161} INFO - Started process (PID=204) to work on /opt/airflow/dags/ingestion_seattle_population_dag.py
[2026-04-21T08:56:26.737+0000] {processor.py:830} INFO - Processing file /opt/airflow/dags/ingestion_seattle_population_dag.py for tasks to queue
[2026-04-21T08:56:26.739+0000] {logging_mixin.py:188} INFO - [2026-04-21T08:56:26.738+0000] {dagbag.py:545} INFO - Filling up the DagBag from /opt/airflow/dags/ingestion_seattle_population_dag.py
[2026-04-21T08:56:26.752+0000] {processor.py:840} INFO - DAG(s) 'ingestion_seattle_population' retrieved from /opt/airflow/dags/ingestion_seattle_population_dag.py
[2026-04-21T08:56:26.782+0000] {logging_mixin.py:188} INFO - [2026-04-21T08:56:26.782+0000] {dag.py:3096} INFO - Sync 1 DAGs
[2026-04-21T08:56:26.798+0000] {logging_mixin.py:188} INFO - [2026-04-21T08:56:26.798+0000] {dag.py:3954} INFO - Setting next_dagrun for ingestion_seattle_population to 2026-01-01 00:00:00+00:00, run_after=2027-01-01 00:00:00+00:00
[2026-04-21T08:56:26.808+0000] {processor.py:183} INFO - Processing /opt/airflow/dags/ingestion_seattle_population_dag.py took 0.079 seconds
[2026-04-21T08:56:57.003+0000] {processor.py:161} INFO - Started process (PID=215) to work on /opt/airflow/dags/ingestion_seattle_population_dag.py
[2026-04-21T08:56:57.004+0000] {processor.py:830} INFO - Processing file /opt/airflow/dags/ingestion_seattle_population_dag.py for tasks to queue
[2026-04-21T08:56:57.006+0000] {logging_mixin.py:188} INFO - [2026-04-21T08:56:57.006+0000] {dagbag.py:545} INFO - Filling up the DagBag from /opt/airflow/dags/ingestion_seattle_population_dag.py
[2026-04-21T08:56:57.019+0000] {processor.py:840} INFO - DAG(s) 'ingestion_seattle_population' retrieved from /opt/airflow/dags/ingestion_seattle_population_dag.py
[2026-04-21T08:56:57.051+0000] {logging_mixin.py:188} INFO - [2026-04-21T08:56:57.051+0000] {dag.py:3096} INFO - Sync 1 DAGs
[2026-04-21T08:56:57.063+0000] {logging_mixin.py:188} INFO - [2026-04-21T08:56:57.063+0000] {dag.py:3954} INFO - Setting next_dagrun for ingestion_seattle_population to 2026-01-01 00:00:00+00:00, run_after=2027-01-01 00:00:00+00:00
[2026-04-21T08:56:57.072+0000] {processor.py:183} INFO - Processing /opt/airflow/dags/ingestion_seattle_population_dag.py took 0.079 seconds
[2026-04-21T08:57:27.350+0000] {processor.py:161} INFO - Started process (PID=226) to work on /opt/airflow/dags/ingestion_seattle_population_dag.py
[2026-04-21T08:57:27.351+0000] {processor.py:830} INFO - Processing file /opt/airflow/dags/ingestion_seattle_population_dag.py for tasks to queue
[2026-04-21T08:57:27.353+0000] {logging_mixin.py:188} INFO - [2026-04-21T08:57:27.353+0000] {dagbag.py:545} INFO - Filling up the DagBag from /opt/airflow/dags/ingestion_seattle_population_dag.py
[2026-04-21T08:57:27.370+0000] {processor.py:840} INFO - DAG(s) 'ingestion_seattle_population' retrieved from /opt/airflow/dags/ingestion_seattle_population_dag.py
[2026-04-21T08:57:27.405+0000] {logging_mixin.py:188} INFO - [2026-04-21T08:57:27.405+0000] {dag.py:3096} INFO - Sync 1 DAGs
[2026-04-21T08:57:27.424+0000] {logging_mixin.py:188} INFO - [2026-04-21T08:57:27.423+0000] {dag.py:3954} INFO - Setting next_dagrun for ingestion_seattle_population to 2026-01-01 00:00:00+00:00, run_after=2027-01-01 00:00:00+00:00
[2026-04-21T08:57:27.437+0000] {processor.py:183} INFO - Processing /opt/airflow/dags/ingestion_seattle_population_dag.py took 0.095 seconds
[2026-04-21T08:57:57.795+0000] {processor.py:161} INFO - Started process (PID=237) to work on /opt/airflow/dags/ingestion_seattle_population_dag.py
[2026-04-21T08:57:57.796+0000] {processor.py:830} INFO - Processing file /opt/airflow/dags/ingestion_seattle_population_dag.py for tasks to queue
[2026-04-21T08:57:57.801+0000] {logging_mixin.py:188} INFO - [2026-04-21T08:57:57.799+0000] {dagbag.py:545} INFO - Filling up the DagBag from /opt/airflow/dags/ingestion_seattle_population_dag.py
[2026-04-21T08:57:57.815+0000] {processor.py:840} INFO - DAG(s) 'ingestion_seattle_population' retrieved from /opt/airflow/dags/ingestion_seattle_population_dag.py
[2026-04-21T08:57:57.841+0000] {logging_mixin.py:188} INFO - [2026-04-21T08:57:57.841+0000] {dag.py:3096} INFO - Sync 1 DAGs
[2026-04-21T08:57:57.854+0000] {logging_mixin.py:188} INFO - [2026-04-21T08:57:57.854+0000] {dag.py:3954} INFO - Setting next_dagrun for ingestion_seattle_population to 2026-01-01 00:00:00+00:00, run_after=2027-01-01 00:00:00+00:00
[2026-04-21T08:57:57.864+0000] {processor.py:183} INFO - Processing /opt/airflow/dags/ingestion_seattle_population_dag.py took 0.074 seconds
[2026-04-21T08:58:28.245+0000] {processor.py:161} INFO - Started process (PID=248) to work on /opt/airflow/dags/ingestion_seattle_population_dag.py
[2026-04-21T08:58:28.246+0000] {processor.py:830} INFO - Processing file /opt/airflow/dags/ingestion_seattle_population_dag.py for tasks to queue
[2026-04-21T08:58:28.248+0000] {logging_mixin.py:188} INFO - [2026-04-21T08:58:28.248+0000] {dagbag.py:545} INFO - Filling up the DagBag from /opt/airflow/dags/ingestion_seattle_population_dag.py
[2026-04-21T08:58:28.267+0000] {processor.py:840} INFO - DAG(s) 'ingestion_seattle_population' retrieved from /opt/airflow/dags/ingestion_seattle_population_dag.py
[2026-04-21T08:58:28.308+0000] {logging_mixin.py:188} INFO - [2026-04-21T08:58:28.308+0000] {dag.py:3096} INFO - Sync 1 DAGs
[2026-04-21T08:58:28.333+0000] {logging_mixin.py:188} INFO - [2026-04-21T08:58:28.332+0000] {dag.py:3954} INFO - Setting next_dagrun for ingestion_seattle_population to 2026-01-01 00:00:00+00:00, run_after=2027-01-01 00:00:00+00:00
[2026-04-21T08:58:28.462+0000] {processor.py:183} INFO - Processing /opt/airflow/dags/ingestion_seattle_population_dag.py took 0.224 seconds
[2026-04-21T08:58:58.648+0000] {processor.py:161} INFO - Started process (PID=259) to work on /opt/airflow/dags/ingestion_seattle_population_dag.py
[2026-04-21T08:58:58.649+0000] {processor.py:830} INFO - Processing file /opt/airflow/dags/ingestion_seattle_population_dag.py for tasks to queue
[2026-04-21T08:58:58.652+0000] {logging_mixin.py:188} INFO - [2026-04-21T08:58:58.651+0000] {dagbag.py:545} INFO - Filling up the DagBag from /opt/airflow/dags/ingestion_seattle_population_dag.py
[2026-04-21T08:58:58.670+0000] {processor.py:840} INFO - DAG(s) 'ingestion_seattle_population' retrieved from /opt/airflow/dags/ingestion_seattle_population_dag.py
[2026-04-21T08:58:58.702+0000] {logging_mixin.py:188} INFO - [2026-04-21T08:58:58.702+0000] {dag.py:3096} INFO - Sync 1 DAGs
[2026-04-21T08:58:58.720+0000] {logging_mixin.py:188} INFO - [2026-04-21T08:58:58.720+0000] {dag.py:3954} INFO - Setting next_dagrun for ingestion_seattle_population to 2026-01-01 00:00:00+00:00, run_after=2027-01-01 00:00:00+00:00
[2026-04-21T08:58:58.729+0000] {processor.py:183} INFO - Processing /opt/airflow/dags/ingestion_seattle_population_dag.py took 0.086 seconds
[2026-04-21T08:59:28.910+0000] {processor.py:161} INFO - Started process (PID=270) to work on /opt/airflow/dags/ingestion_seattle_population_dag.py
[2026-04-21T08:59:28.911+0000] {processor.py:830} INFO - Processing file /opt/airflow/dags/ingestion_seattle_population_dag.py for tasks to queue
[2026-04-21T08:59:28.913+0000] {logging_mixin.py:188} INFO - [2026-04-21T08:59:28.912+0000] {dagbag.py:545} INFO - Filling up the DagBag from /opt/airflow/dags/ingestion_seattle_population_dag.py
[2026-04-21T08:59:28.927+0000] {processor.py:840} INFO - DAG(s) 'ingestion_seattle_population' retrieved from /opt/airflow/dags/ingestion_seattle_population_dag.py
[2026-04-21T08:59:28.958+0000] {logging_mixin.py:188} INFO - [2026-04-21T08:59:28.958+0000] {dag.py:3096} INFO - Sync 1 DAGs
[2026-04-21T08:59:28.971+0000] {logging_mixin.py:188} INFO - [2026-04-21T08:59:28.971+0000] {dag.py:3954} INFO - Setting next_dagrun for ingestion_seattle_population to 2026-01-01 00:00:00+00:00, run_after=2027-01-01 00:00:00+00:00
[2026-04-21T08:59:28.980+0000] {processor.py:183} INFO - Processing /opt/airflow/dags/ingestion_seattle_population_dag.py took 0.074 seconds
[2026-04-21T08:59:59.179+0000] {processor.py:161} INFO - Started process (PID=281) to work on /opt/airflow/dags/ingestion_seattle_population_dag.py
[2026-04-21T08:59:59.180+0000] {processor.py:830} INFO - Processing file /opt/airflow/dags/ingestion_seattle_population_dag.py for tasks to queue
[2026-04-21T08:59:59.182+0000] {logging_mixin.py:188} INFO - [2026-04-21T08:59:59.182+0000] {dagbag.py:545} INFO - Filling up the DagBag from /opt/airflow/dags/ingestion_seattle_population_dag.py
[2026-04-21T08:59:59.197+0000] {processor.py:840} INFO - DAG(s) 'ingestion_seattle_population' retrieved from /opt/airflow/dags/ingestion_seattle_population_dag.py
[2026-04-21T08:59:59.225+0000] {logging_mixin.py:188} INFO - [2026-04-21T08:59:59.225+0000] {dag.py:3096} INFO - Sync 1 DAGs
[2026-04-21T08:59:59.238+0000] {logging_mixin.py:188} INFO - [2026-04-21T08:59:59.237+0000] {dag.py:3954} INFO - Setting next_dagrun for ingestion_seattle_population to 2026-01-01 00:00:00+00:00, run_after=2027-01-01 00:00:00+00:00
[2026-04-21T08:59:59.248+0000] {processor.py:183} INFO - Processing /opt/airflow/dags/ingestion_seattle_population_dag.py took 0.077 seconds
[2026-04-21T09:00:29.477+0000] {processor.py:161} INFO - Started process (PID=292) to work on /opt/airflow/dags/ingestion_seattle_population_dag.py
[2026-04-21T09:00:29.477+0000] {processor.py:830} INFO - Processing file /opt/airflow/dags/ingestion_seattle_population_dag.py for tasks to queue
[2026-04-21T09:00:29.479+0000] {logging_mixin.py:188} INFO - [2026-04-21T09:00:29.479+0000] {dagbag.py:545} INFO - Filling up the DagBag from /opt/airflow/dags/ingestion_seattle_population_dag.py
[2026-04-21T09:00:29.492+0000] {processor.py:840} INFO - DAG(s) 'ingestion_seattle_population' retrieved from /opt/airflow/dags/ingestion_seattle_population_dag.py
[2026-04-21T09:00:29.518+0000] {logging_mixin.py:188} INFO - [2026-04-21T09:00:29.518+0000] {dag.py:3096} INFO - Sync 1 DAGs
[2026-04-21T09:00:29.535+0000] {logging_mixin.py:188} INFO - [2026-04-21T09:00:29.535+0000] {dag.py:3954} INFO - Setting next_dagrun for ingestion_seattle_population to 2026-01-01 00:00:00+00:00, run_after=2027-01-01 00:00:00+00:00
[2026-04-21T09:00:29.543+0000] {processor.py:183} INFO - Processing /opt/airflow/dags/ingestion_seattle_population_dag.py took 0.073 seconds
[2026-04-21T09:00:59.789+0000] {processor.py:161} INFO - Started process (PID=303) to work on /opt/airflow/dags/ingestion_seattle_population_dag.py
[2026-04-21T09:00:59.790+0000] {processor.py:830} INFO - Processing file /opt/airflow/dags/ingestion_seattle_population_dag.py for tasks to queue
[2026-04-21T09:00:59.792+0000] {logging_mixin.py:188} INFO - [2026-04-21T09:00:59.792+0000] {dagbag.py:545} INFO - Filling up the DagBag from /opt/airflow/dags/ingestion_seattle_population_dag.py
[2026-04-21T09:00:59.808+0000] {processor.py:840} INFO - DAG(s) 'ingestion_seattle_population' retrieved from /opt/airflow/dags/ingestion_seattle_population_dag.py
[2026-04-21T09:00:59.832+0000] {logging_mixin.py:188} INFO - [2026-04-21T09:00:59.832+0000] {dag.py:3096} INFO - Sync 1 DAGs
[2026-04-21T09:00:59.844+0000] {logging_mixin.py:188} INFO - [2026-04-21T09:00:59.844+0000] {dag.py:3954} INFO - Setting next_dagrun for ingestion_seattle_population to 2026-01-01 00:00:00+00:00, run_after=2027-01-01 00:00:00+00:00
[2026-04-21T09:00:59.851+0000] {processor.py:183} INFO - Processing /opt/airflow/dags/ingestion_seattle_population_dag.py took 0.069 seconds
[2026-04-21T09:01:30.086+0000] {processor.py:161} INFO - Started process (PID=314) to work on /opt/airflow/dags/ingestion_seattle_population_dag.py
[2026-04-21T09:01:30.087+0000] {processor.py:830} INFO - Processing file /opt/airflow/dags/ingestion_seattle_population_dag.py for tasks to queue
[2026-04-21T09:01:30.090+0000] {logging_mixin.py:188} INFO - [2026-04-21T09:01:30.089+0000] {dagbag.py:545} INFO - Filling up the DagBag from /opt/airflow/dags/ingestion_seattle_population_dag.py
[2026-04-21T09:01:30.107+0000] {processor.py:840} INFO - DAG(s) 'ingestion_seattle_population' retrieved from /opt/airflow/dags/ingestion_seattle_population_dag.py
[2026-04-21T09:01:30.131+0000] {logging_mixin.py:188} INFO - [2026-04-21T09:01:30.131+0000] {dag.py:3096} INFO - Sync 1 DAGs
[2026-04-21T09:01:30.147+0000] {logging_mixin.py:188} INFO - [2026-04-21T09:01:30.146+0000] {dag.py:3954} INFO - Setting next_dagrun for ingestion_seattle_population to 2026-01-01 00:00:00+00:00, run_after=2027-01-01 00:00:00+00:00
[2026-04-21T09:01:30.154+0000] {processor.py:183} INFO - Processing /opt/airflow/dags/ingestion_seattle_population_dag.py took 0.073 seconds
[2026-04-21T09:02:00.312+0000] {processor.py:161} INFO - Started process (PID=325) to work on /opt/airflow/dags/ingestion_seattle_population_dag.py
[2026-04-21T09:02:00.312+0000] {processor.py:830} INFO - Processing file /opt/airflow/dags/ingestion_seattle_population_dag.py for tasks to queue
[2026-04-21T09:02:00.315+0000] {logging_mixin.py:188} INFO - [2026-04-21T09:02:00.314+0000] {dagbag.py:545} INFO - Filling up the DagBag from /opt/airflow/dags/ingestion_seattle_population_dag.py
[2026-04-21T09:02:00.333+0000] {processor.py:840} INFO - DAG(s) 'ingestion_seattle_population' retrieved from /opt/airflow/dags/ingestion_seattle_population_dag.py
[2026-04-21T09:02:00.357+0000] {logging_mixin.py:188} INFO - [2026-04-21T09:02:00.357+0000] {dag.py:3096} INFO - Sync 1 DAGs
[2026-04-21T09:02:00.375+0000] {logging_mixin.py:188} INFO - [2026-04-21T09:02:00.374+0000] {dag.py:3954} INFO - Setting next_dagrun for ingestion_seattle_population to 2026-01-01 00:00:00+00:00, run_after=2027-01-01 00:00:00+00:00
[2026-04-21T09:02:00.384+0000] {processor.py:183} INFO - Processing /opt/airflow/dags/ingestion_seattle_population_dag.py took 0.078 seconds
[2026-04-21T09:02:30.760+0000] {processor.py:161} INFO - Started process (PID=336) to work on /opt/airflow/dags/ingestion_seattle_population_dag.py
[2026-04-21T09:02:30.761+0000] {processor.py:830} INFO - Processing file /opt/airflow/dags/ingestion_seattle_population_dag.py for tasks to queue
[2026-04-21T09:02:30.764+0000] {logging_mixin.py:188} INFO - [2026-04-21T09:02:30.763+0000] {dagbag.py:545} INFO - Filling up the DagBag from /opt/airflow/dags/ingestion_seattle_population_dag.py
[2026-04-21T09:02:30.783+0000] {processor.py:840} INFO - DAG(s) 'ingestion_seattle_population' retrieved from /opt/airflow/dags/ingestion_seattle_population_dag.py
[2026-04-21T09:02:30.813+0000] {logging_mixin.py:188} INFO - [2026-04-21T09:02:30.813+0000] {dag.py:3096} INFO - Sync 1 DAGs
[2026-04-21T09:02:30.826+0000] {logging_mixin.py:188} INFO - [2026-04-21T09:02:30.826+0000] {dag.py:3954} INFO - Setting next_dagrun for ingestion_seattle_population to 2026-01-01 00:00:00+00:00, run_after=2027-01-01 00:00:00+00:00
[2026-04-21T09:02:30.837+0000] {processor.py:183} INFO - Processing /opt/airflow/dags/ingestion_seattle_population_dag.py took 0.085 seconds
[2026-04-21T09:03:01.089+0000] {processor.py:161} INFO - Started process (PID=346) to work on /opt/airflow/dags/ingestion_seattle_population_dag.py
[2026-04-21T09:03:01.089+0000] {processor.py:830} INFO - Processing file /opt/airflow/dags/ingestion_seattle_population_dag.py for tasks to queue
[2026-04-21T09:03:01.093+0000] {logging_mixin.py:188} INFO - [2026-04-21T09:03:01.092+0000] {dagbag.py:545} INFO - Filling up the DagBag from /opt/airflow/dags/ingestion_seattle_population_dag.py
[2026-04-21T09:03:01.107+0000] {processor.py:840} INFO - DAG(s) 'ingestion_seattle_population' retrieved from /opt/airflow/dags/ingestion_seattle_population_dag.py
[2026-04-21T09:03:01.138+0000] {logging_mixin.py:188} INFO - [2026-04-21T09:03:01.138+0000] {dag.py:3096} INFO - Sync 1 DAGs
[2026-04-21T09:03:01.154+0000] {logging_mixin.py:188} INFO - [2026-04-21T09:03:01.154+0000] {dag.py:3954} INFO - Setting next_dagrun for ingestion_seattle_population to 2026-01-01 00:00:00+00:00, run_after=2027-01-01 00:00:00+00:00
[2026-04-21T09:03:01.164+0000] {processor.py:183} INFO - Processing /opt/airflow/dags/ingestion_seattle_population_dag.py took 0.082 seconds
[2026-04-21T09:03:31.393+0000] {processor.py:161} INFO - Started process (PID=357) to work on /opt/airflow/dags/ingestion_seattle_population_dag.py
[2026-04-21T09:03:31.394+0000] {processor.py:830} INFO - Processing file /opt/airflow/dags/ingestion_seattle_population_dag.py for tasks to queue
[2026-04-21T09:03:31.397+0000] {logging_mixin.py:188} INFO - [2026-04-21T09:03:31.396+0000] {dagbag.py:545} INFO - Filling up the DagBag from /opt/airflow/dags/ingestion_seattle_population_dag.py
[2026-04-21T09:03:31.413+0000] {processor.py:840} INFO - DAG(s) 'ingestion_seattle_population' retrieved from /opt/airflow/dags/ingestion_seattle_population_dag.py
[2026-04-21T09:03:31.438+0000] {logging_mixin.py:188} INFO - [2026-04-21T09:03:31.438+0000] {dag.py:3096} INFO - Sync 1 DAGs
[2026-04-21T09:03:31.456+0000] {logging_mixin.py:188} INFO - [2026-04-21T09:03:31.456+0000] {dag.py:3954} INFO - Setting next_dagrun for ingestion_seattle_population to 2026-01-01 00:00:00+00:00, run_after=2027-01-01 00:00:00+00:00
[2026-04-21T09:03:31.466+0000] {processor.py:183} INFO - Processing /opt/airflow/dags/ingestion_seattle_population_dag.py took 0.080 seconds
[2026-04-21T09:04:01.666+0000] {processor.py:161} INFO - Started process (PID=368) to work on /opt/airflow/dags/ingestion_seattle_population_dag.py
[2026-04-21T09:04:01.667+0000] {processor.py:830} INFO - Processing file /opt/airflow/dags/ingestion_seattle_population_dag.py for tasks to queue
[2026-04-21T09:04:01.669+0000] {logging_mixin.py:188} INFO - [2026-04-21T09:04:01.669+0000] {dagbag.py:545} INFO - Filling up the DagBag from /opt/airflow/dags/ingestion_seattle_population_dag.py
[2026-04-21T09:04:01.680+0000] {processor.py:840} INFO - DAG(s) 'ingestion_seattle_population' retrieved from /opt/airflow/dags/ingestion_seattle_population_dag.py
[2026-04-21T09:04:01.703+0000] {logging_mixin.py:188} INFO - [2026-04-21T09:04:01.703+0000] {dag.py:3096} INFO - Sync 1 DAGs
[2026-04-21T09:04:01.716+0000] {logging_mixin.py:188} INFO - [2026-04-21T09:04:01.716+0000] {dag.py:3954} INFO - Setting next_dagrun for ingestion_seattle_population to 2026-01-01 00:00:00+00:00, run_after=2027-01-01 00:00:00+00:00
[2026-04-21T09:04:01.724+0000] {processor.py:183} INFO - Processing /opt/airflow/dags/ingestion_seattle_population_dag.py took 0.063 seconds
[2026-04-21T09:04:32.005+0000] {processor.py:161} INFO - Started process (PID=379) to work on /opt/airflow/dags/ingestion_seattle_population_dag.py
[2026-04-21T09:04:32.006+0000] {processor.py:830} INFO - Processing file /opt/airflow/dags/ingestion_seattle_population_dag.py for tasks to queue
[2026-04-21T09:04:32.010+0000] {logging_mixin.py:188} INFO - [2026-04-21T09:04:32.009+0000] {dagbag.py:545} INFO - Filling up the DagBag from /opt/airflow/dags/ingestion_seattle_population_dag.py
[2026-04-21T09:04:32.031+0000] {processor.py:840} INFO - DAG(s) 'ingestion_seattle_population' retrieved from /opt/airflow/dags/ingestion_seattle_population_dag.py
[2026-04-21T09:04:32.066+0000] {logging_mixin.py:188} INFO - [2026-04-21T09:04:32.066+0000] {dag.py:3096} INFO - Sync 1 DAGs
[2026-04-21T09:04:32.087+0000] {logging_mixin.py:188} INFO - [2026-04-21T09:04:32.087+0000] {dag.py:3954} INFO - Setting next_dagrun for ingestion_seattle_population to 2026-01-01 00:00:00+00:00, run_after=2027-01-01 00:00:00+00:00
[2026-04-21T09:04:32.096+0000] {processor.py:183} INFO - Processing /opt/airflow/dags/ingestion_seattle_population_dag.py took 0.098 seconds
[2026-04-21T09:05:02.400+0000] {processor.py:161} INFO - Started process (PID=390) to work on /opt/airflow/dags/ingestion_seattle_population_dag.py
[2026-04-21T09:05:02.400+0000] {processor.py:830} INFO - Processing file /opt/airflow/dags/ingestion_seattle_population_dag.py for tasks to queue
[2026-04-21T09:05:02.403+0000] {logging_mixin.py:188} INFO - [2026-04-21T09:05:02.402+0000] {dagbag.py:545} INFO - Filling up the DagBag from /opt/airflow/dags/ingestion_seattle_population_dag.py
[2026-04-21T09:05:02.417+0000] {processor.py:840} INFO - DAG(s) 'ingestion_seattle_population' retrieved from /opt/airflow/dags/ingestion_seattle_population_dag.py
[2026-04-21T09:05:02.437+0000] {logging_mixin.py:188} INFO - [2026-04-21T09:05:02.437+0000] {dag.py:3096} INFO - Sync 1 DAGs
[2026-04-21T09:05:02.448+0000] {logging_mixin.py:188} INFO - [2026-04-21T09:05:02.448+0000] {dag.py:3954} INFO - Setting next_dagrun for ingestion_seattle_population to 2026-01-01 00:00:00+00:00, run_after=2027-01-01 00:00:00+00:00
[2026-04-21T09:05:02.456+0000] {processor.py:183} INFO - Processing /opt/airflow/dags/ingestion_seattle_population_dag.py took 0.063 seconds
[2026-04-21T09:05:32.735+0000] {processor.py:161} INFO - Started process (PID=401) to work on /opt/airflow/dags/ingestion_seattle_population_dag.py
[2026-04-21T09:05:32.736+0000] {processor.py:830} INFO - Processing file /opt/airflow/dags/ingestion_seattle_population_dag.py for tasks to queue
[2026-04-21T09:05:32.740+0000] {logging_mixin.py:188} INFO - [2026-04-21T09:05:32.738+0000] {dagbag.py:545} INFO - Filling up the DagBag from /opt/airflow/dags/ingestion_seattle_population_dag.py
[2026-04-21T09:05:32.759+0000] {processor.py:840} INFO - DAG(s) 'ingestion_seattle_population' retrieved from /opt/airflow/dags/ingestion_seattle_population_dag.py
[2026-04-21T09:05:32.786+0000] {logging_mixin.py:188} INFO - [2026-04-21T09:05:32.786+0000] {dag.py:3096} INFO - Sync 1 DAGs
[2026-04-21T09:05:32.806+0000] {logging_mixin.py:188} INFO - [2026-04-21T09:05:32.806+0000] {dag.py:3954} INFO - Setting next_dagrun for ingestion_seattle_population to 2026-01-01 00:00:00+00:00, run_after=2027-01-01 00:00:00+00:00
[2026-04-21T09:05:32.817+0000] {processor.py:183} INFO - Processing /opt/airflow/dags/ingestion_seattle_population_dag.py took 0.089 seconds
[2026-04-21T09:06:03.079+0000] {processor.py:161} INFO - Started process (PID=412) to work on /opt/airflow/dags/ingestion_seattle_population_dag.py
[2026-04-21T09:06:03.080+0000] {processor.py:830} INFO - Processing file /opt/airflow/dags/ingestion_seattle_population_dag.py for tasks to queue
[2026-04-21T09:06:03.083+0000] {logging_mixin.py:188} INFO - [2026-04-21T09:06:03.082+0000] {dagbag.py:545} INFO - Filling up the DagBag from /opt/airflow/dags/ingestion_seattle_population_dag.py
[2026-04-21T09:06:03.097+0000] {processor.py:840} INFO - DAG(s) 'ingestion_seattle_population' retrieved from /opt/airflow/dags/ingestion_seattle_population_dag.py
[2026-04-21T09:06:03.121+0000] {logging_mixin.py:188} INFO - [2026-04-21T09:06:03.121+0000] {dag.py:3096} INFO - Sync 1 DAGs
[2026-04-21T09:06:03.135+0000] {logging_mixin.py:188} INFO - [2026-04-21T09:06:03.135+0000] {dag.py:3954} INFO - Setting next_dagrun for ingestion_seattle_population to 2026-01-01 00:00:00+00:00, run_after=2027-01-01 00:00:00+00:00
[2026-04-21T09:06:03.143+0000] {processor.py:183} INFO - Processing /opt/airflow/dags/ingestion_seattle_population_dag.py took 0.076 seconds
[2026-04-21T09:06:33.380+0000] {processor.py:161} INFO - Started process (PID=423) to work on /opt/airflow/dags/ingestion_seattle_population_dag.py
[2026-04-21T09:06:33.381+0000] {processor.py:830} INFO - Processing file /opt/airflow/dags/ingestion_seattle_population_dag.py for tasks to queue
[2026-04-21T09:06:33.383+0000] {logging_mixin.py:188} INFO - [2026-04-21T09:06:33.382+0000] {dagbag.py:545} INFO - Filling up the DagBag from /opt/airflow/dags/ingestion_seattle_population_dag.py
[2026-04-21T09:06:33.401+0000] {processor.py:840} INFO - DAG(s) 'ingestion_seattle_population' retrieved from /opt/airflow/dags/ingestion_seattle_population_dag.py
[2026-04-21T09:06:33.428+0000] {logging_mixin.py:188} INFO - [2026-04-21T09:06:33.428+0000] {dag.py:3096} INFO - Sync 1 DAGs
[2026-04-21T09:06:33.440+0000] {logging_mixin.py:188} INFO - [2026-04-21T09:06:33.440+0000] {dag.py:3954} INFO - Setting next_dagrun for ingestion_seattle_population to 2026-01-01 00:00:00+00:00, run_after=2027-01-01 00:00:00+00:00
[2026-04-21T09:06:33.453+0000] {processor.py:183} INFO - Processing /opt/airflow/dags/ingestion_seattle_population_dag.py took 0.081 seconds
[2026-04-21T09:07:03.697+0000] {processor.py:161} INFO - Started process (PID=434) to work on /opt/airflow/dags/ingestion_seattle_population_dag.py
[2026-04-21T09:07:03.698+0000] {processor.py:830} INFO - Processing file /opt/airflow/dags/ingestion_seattle_population_dag.py for tasks to queue
[2026-04-21T09:07:03.700+0000] {logging_mixin.py:188} INFO - [2026-04-21T09:07:03.699+0000] {dagbag.py:545} INFO - Filling up the DagBag from /opt/airflow/dags/ingestion_seattle_population_dag.py
[2026-04-21T09:07:03.714+0000] {processor.py:840} INFO - DAG(s) 'ingestion_seattle_population' retrieved from /opt/airflow/dags/ingestion_seattle_population_dag.py
[2026-04-21T09:07:03.740+0000] {logging_mixin.py:188} INFO - [2026-04-21T09:07:03.740+0000] {dag.py:3096} INFO - Sync 1 DAGs
[2026-04-21T09:07:03.753+0000] {logging_mixin.py:188} INFO - [2026-04-21T09:07:03.753+0000] {dag.py:3954} INFO - Setting next_dagrun for ingestion_seattle_population to 2026-01-01 00:00:00+00:00, run_after=2027-01-01 00:00:00+00:00
[2026-04-21T09:07:03.762+0000] {processor.py:183} INFO - Processing /opt/airflow/dags/ingestion_seattle_population_dag.py took 0.070 seconds
[2026-04-21T09:07:33.960+0000] {processor.py:161} INFO - Started process (PID=445) to work on /opt/airflow/dags/ingestion_seattle_population_dag.py
[2026-04-21T09:07:33.961+0000] {processor.py:830} INFO - Processing file /opt/airflow/dags/ingestion_seattle_population_dag.py for tasks to queue
[2026-04-21T09:07:33.963+0000] {logging_mixin.py:188} INFO - [2026-04-21T09:07:33.963+0000] {dagbag.py:545} INFO - Filling up the DagBag from /opt/airflow/dags/ingestion_seattle_population_dag.py
[2026-04-21T09:07:33.984+0000] {processor.py:840} INFO - DAG(s) 'ingestion_seattle_population' retrieved from /opt/airflow/dags/ingestion_seattle_population_dag.py
[2026-04-21T09:07:34.009+0000] {logging_mixin.py:188} INFO - [2026-04-21T09:07:34.009+0000] {dag.py:3096} INFO - Sync 1 DAGs
[2026-04-21T09:07:34.023+0000] {logging_mixin.py:188} INFO - [2026-04-21T09:07:34.022+0000] {dag.py:3954} INFO - Setting next_dagrun for ingestion_seattle_population to 2026-01-01 00:00:00+00:00, run_after=2027-01-01 00:00:00+00:00
[2026-04-21T09:07:34.030+0000] {processor.py:183} INFO - Processing /opt/airflow/dags/ingestion_seattle_population_dag.py took 0.080 seconds
[2026-04-21T09:08:04.334+0000] {processor.py:161} INFO - Started process (PID=456) to work on /opt/airflow/dags/ingestion_seattle_population_dag.py
[2026-04-21T09:08:04.335+0000] {processor.py:830} INFO - Processing file /opt/airflow/dags/ingestion_seattle_population_dag.py for tasks to queue
[2026-04-21T09:08:04.339+0000] {logging_mixin.py:188} INFO - [2026-04-21T09:08:04.339+0000] {dagbag.py:545} INFO - Filling up the DagBag from /opt/airflow/dags/ingestion_seattle_population_dag.py
[2026-04-21T09:08:04.355+0000] {processor.py:840} INFO - DAG(s) 'ingestion_seattle_population' retrieved from /opt/airflow/dags/ingestion_seattle_population_dag.py
[2026-04-21T09:08:04.390+0000] {logging_mixin.py:188} INFO - [2026-04-21T09:08:04.390+0000] {dag.py:3096} INFO - Sync 1 DAGs
[2026-04-21T09:08:04.404+0000] {logging_mixin.py:188} INFO - [2026-04-21T09:08:04.404+0000] {dag.py:3954} INFO - Setting next_dagrun for ingestion_seattle_population to 2026-01-01 00:00:00+00:00, run_after=2027-01-01 00:00:00+00:00
[2026-04-21T09:08:04.414+0000] {processor.py:183} INFO - Processing /opt/airflow/dags/ingestion_seattle_population_dag.py took 0.089 seconds
[2026-04-21T09:08:34.611+0000] {processor.py:161} INFO - Started process (PID=468) to work on /opt/airflow/dags/ingestion_seattle_population_dag.py
[2026-04-21T09:08:34.613+0000] {processor.py:830} INFO - Processing file /opt/airflow/dags/ingestion_seattle_population_dag.py for tasks to queue
[2026-04-21T09:08:34.615+0000] {logging_mixin.py:188} INFO - [2026-04-21T09:08:34.614+0000] {dagbag.py:545} INFO - Filling up the DagBag from /opt/airflow/dags/ingestion_seattle_population_dag.py
[2026-04-21T09:08:34.627+0000] {processor.py:840} INFO - DAG(s) 'ingestion_seattle_population' retrieved from /opt/airflow/dags/ingestion_seattle_population_dag.py
[2026-04-21T09:08:34.655+0000] {logging_mixin.py:188} INFO - [2026-04-21T09:08:34.655+0000] {dag.py:3096} INFO - Sync 1 DAGs
[2026-04-21T09:08:34.670+0000] {logging_mixin.py:188} INFO - [2026-04-21T09:08:34.670+0000] {dag.py:3954} INFO - Setting next_dagrun for ingestion_seattle_population to 2026-01-01 00:00:00+00:00, run_after=2027-01-01 00:00:00+00:00
[2026-04-21T09:08:34.678+0000] {processor.py:183} INFO - Processing /opt/airflow/dags/ingestion_seattle_population_dag.py took 0.073 seconds
[2026-04-21T09:09:04.898+0000] {processor.py:161} INFO - Started process (PID=479) to work on /opt/airflow/dags/ingestion_seattle_population_dag.py
[2026-04-21T09:09:04.899+0000] {processor.py:830} INFO - Processing file /opt/airflow/dags/ingestion_seattle_population_dag.py for tasks to queue
[2026-04-21T09:09:04.901+0000] {logging_mixin.py:188} INFO - [2026-04-21T09:09:04.901+0000] {dagbag.py:545} INFO - Filling up the DagBag from /opt/airflow/dags/ingestion_seattle_population_dag.py
[2026-04-21T09:09:04.916+0000] {processor.py:840} INFO - DAG(s) 'ingestion_seattle_population' retrieved from /opt/airflow/dags/ingestion_seattle_population_dag.py
[2026-04-21T09:09:04.938+0000] {logging_mixin.py:188} INFO - [2026-04-21T09:09:04.938+0000] {dag.py:3096} INFO - Sync 1 DAGs
[2026-04-21T09:09:04.949+0000] {logging_mixin.py:188} INFO - [2026-04-21T09:09:04.949+0000] {dag.py:3954} INFO - Setting next_dagrun for ingestion_seattle_population to 2026-01-01 00:00:00+00:00, run_after=2027-01-01 00:00:00+00:00
[2026-04-21T09:09:04.957+0000] {processor.py:183} INFO - Processing /opt/airflow/dags/ingestion_seattle_population_dag.py took 0.065 seconds
[2026-04-21T09:09:35.167+0000] {processor.py:161} INFO - Started process (PID=490) to work on /opt/airflow/dags/ingestion_seattle_population_dag.py
[2026-04-21T09:09:35.168+0000] {processor.py:830} INFO - Processing file /opt/airflow/dags/ingestion_seattle_population_dag.py for tasks to queue
[2026-04-21T09:09:35.170+0000] {logging_mixin.py:188} INFO - [2026-04-21T09:09:35.170+0000] {dagbag.py:545} INFO - Filling up the DagBag from /opt/airflow/dags/ingestion_seattle_population_dag.py
[2026-04-21T09:09:35.187+0000] {processor.py:840} INFO - DAG(s) 'ingestion_seattle_population' retrieved from /opt/airflow/dags/ingestion_seattle_population_dag.py
[2026-04-21T09:09:35.223+0000] {logging_mixin.py:188} INFO - [2026-04-21T09:09:35.223+0000] {dag.py:3096} INFO - Sync 1 DAGs
[2026-04-21T09:09:35.236+0000] {logging_mixin.py:188} INFO - [2026-04-21T09:09:35.236+0000] {dag.py:3954} INFO - Setting next_dagrun for ingestion_seattle_population to 2026-01-01 00:00:00+00:00, run_after=2027-01-01 00:00:00+00:00
[2026-04-21T09:09:35.248+0000] {processor.py:183} INFO - Processing /opt/airflow/dags/ingestion_seattle_population_dag.py took 0.090 seconds
[2026-04-21T10:18:10.863+0000] {processor.py:161} INFO - Started process (PID=501) to work on /opt/airflow/dags/ingestion_seattle_population_dag.py
[2026-04-21T10:18:10.864+0000] {processor.py:830} INFO - Processing file /opt/airflow/dags/ingestion_seattle_population_dag.py for tasks to queue
[2026-04-21T10:18:10.866+0000] {logging_mixin.py:188} INFO - [2026-04-21T10:18:10.866+0000] {dagbag.py:545} INFO - Filling up the DagBag from /opt/airflow/dags/ingestion_seattle_population_dag.py
[2026-04-21T10:18:10.877+0000] {processor.py:840} INFO - DAG(s) 'ingestion_seattle_population' retrieved from /opt/airflow/dags/ingestion_seattle_population_dag.py
[2026-04-21T10:18:10.898+0000] {logging_mixin.py:188} INFO - [2026-04-21T10:18:10.898+0000] {dag.py:3096} INFO - Sync 1 DAGs
[2026-04-21T10:18:10.910+0000] {logging_mixin.py:188} INFO - [2026-04-21T10:18:10.910+0000] {dag.py:3954} INFO - Setting next_dagrun for ingestion_seattle_population to 2026-01-01 00:00:00+00:00, run_after=2027-01-01 00:00:00+00:00
[2026-04-21T10:18:10.918+0000] {processor.py:183} INFO - Processing /opt/airflow/dags/ingestion_seattle_population_dag.py took 0.059 seconds
[2026-04-21T11:27:44.359+0000] {processor.py:161} INFO - Started process (PID=512) to work on /opt/airflow/dags/ingestion_seattle_population_dag.py
[2026-04-21T11:27:44.360+0000] {processor.py:830} INFO - Processing file /opt/airflow/dags/ingestion_seattle_population_dag.py for tasks to queue
[2026-04-21T11:27:44.363+0000] {logging_mixin.py:188} INFO - [2026-04-21T11:27:44.362+0000] {dagbag.py:545} INFO - Filling up the DagBag from /opt/airflow/dags/ingestion_seattle_population_dag.py
[2026-04-21T11:27:44.375+0000] {processor.py:840} INFO - DAG(s) 'ingestion_seattle_population' retrieved from /opt/airflow/dags/ingestion_seattle_population_dag.py
[2026-04-21T11:27:44.396+0000] {logging_mixin.py:188} INFO - [2026-04-21T11:27:44.395+0000] {dag.py:3096} INFO - Sync 1 DAGs
[2026-04-21T11:27:44.411+0000] {logging_mixin.py:188} INFO - [2026-04-21T11:27:44.410+0000] {dag.py:3954} INFO - Setting next_dagrun for ingestion_seattle_population to 2026-01-01 00:00:00+00:00, run_after=2027-01-01 00:00:00+00:00
[2026-04-21T11:27:44.418+0000] {processor.py:183} INFO - Processing /opt/airflow/dags/ingestion_seattle_population_dag.py took 0.064 seconds
[2026-04-21T11:53:45.067+0000] {processor.py:161} INFO - Started process (PID=523) to work on /opt/airflow/dags/ingestion_seattle_population_dag.py
[2026-04-21T11:53:45.068+0000] {processor.py:830} INFO - Processing file /opt/airflow/dags/ingestion_seattle_population_dag.py for tasks to queue
[2026-04-21T11:53:45.070+0000] {logging_mixin.py:188} INFO - [2026-04-21T11:53:45.070+0000] {dagbag.py:545} INFO - Filling up the DagBag from /opt/airflow/dags/ingestion_seattle_population_dag.py
[2026-04-21T11:53:45.087+0000] {processor.py:840} INFO - DAG(s) 'ingestion_seattle_population' retrieved from /opt/airflow/dags/ingestion_seattle_population_dag.py
[2026-04-21T11:53:45.107+0000] {logging_mixin.py:188} INFO - [2026-04-21T11:53:45.107+0000] {dag.py:3096} INFO - Sync 1 DAGs
[2026-04-21T11:53:45.120+0000] {logging_mixin.py:188} INFO - [2026-04-21T11:53:45.120+0000] {dag.py:3954} INFO - Setting next_dagrun for ingestion_seattle_population to 2026-01-01 00:00:00+00:00, run_after=2027-01-01 00:00:00+00:00
[2026-04-21T11:53:45.128+0000] {processor.py:183} INFO - Processing /opt/airflow/dags/ingestion_seattle_population_dag.py took 0.067 seconds
[2026-04-21T12:03:44.607+0000] {processor.py:161} INFO - Started process (PID=535) to work on /opt/airflow/dags/ingestion_seattle_population_dag.py
[2026-04-21T12:03:44.607+0000] {processor.py:830} INFO - Processing file /opt/airflow/dags/ingestion_seattle_population_dag.py for tasks to queue
[2026-04-21T12:03:44.616+0000] {logging_mixin.py:188} INFO - [2026-04-21T12:03:44.616+0000] {dagbag.py:545} INFO - Filling up the DagBag from /opt/airflow/dags/ingestion_seattle_population_dag.py
[2026-04-21T12:03:44.633+0000] {processor.py:840} INFO - DAG(s) 'ingestion_seattle_population' retrieved from /opt/airflow/dags/ingestion_seattle_population_dag.py
[2026-04-21T12:03:44.660+0000] {logging_mixin.py:188} INFO - [2026-04-21T12:03:44.660+0000] {dag.py:3096} INFO - Sync 1 DAGs
[2026-04-21T12:03:44.672+0000] {logging_mixin.py:188} INFO - [2026-04-21T12:03:44.672+0000] {dag.py:3954} INFO - Setting next_dagrun for ingestion_seattle_population to 2026-01-01 00:00:00+00:00, run_after=2027-01-01 00:00:00+00:00
[2026-04-21T12:03:44.683+0000] {processor.py:183} INFO - Processing /opt/airflow/dags/ingestion_seattle_population_dag.py took 0.082 seconds
[2026-04-21T12:35:00.569+0000] {processor.py:161} INFO - Started process (PID=546) to work on /opt/airflow/dags/ingestion_seattle_population_dag.py
[2026-04-21T12:35:00.571+0000] {processor.py:830} INFO - Processing file /opt/airflow/dags/ingestion_seattle_population_dag.py for tasks to queue
[2026-04-21T12:35:00.574+0000] {logging_mixin.py:188} INFO - [2026-04-21T12:35:00.574+0000] {dagbag.py:545} INFO - Filling up the DagBag from /opt/airflow/dags/ingestion_seattle_population_dag.py
[2026-04-21T12:35:00.590+0000] {processor.py:840} INFO - DAG(s) 'ingestion_seattle_population' retrieved from /opt/airflow/dags/ingestion_seattle_population_dag.py
[2026-04-21T12:35:00.620+0000] {logging_mixin.py:188} INFO - [2026-04-21T12:35:00.620+0000] {dag.py:3096} INFO - Sync 1 DAGs
[2026-04-21T12:35:00.638+0000] {logging_mixin.py:188} INFO - [2026-04-21T12:35:00.638+0000] {dag.py:3954} INFO - Setting next_dagrun for ingestion_seattle_population to 2026-01-01 00:00:00+00:00, run_after=2027-01-01 00:00:00+00:00
[2026-04-21T12:35:00.647+0000] {processor.py:183} INFO - Processing /opt/airflow/dags/ingestion_seattle_population_dag.py took 0.085 seconds
[2026-04-21T12:38:53.416+0000] {processor.py:161} INFO - Started process (PID=557) to work on /opt/airflow/dags/ingestion_seattle_population_dag.py
[2026-04-21T12:38:53.418+0000] {processor.py:830} INFO - Processing file /opt/airflow/dags/ingestion_seattle_population_dag.py for tasks to queue
[2026-04-21T12:38:53.423+0000] {logging_mixin.py:188} INFO - [2026-04-21T12:38:53.423+0000] {dagbag.py:545} INFO - Filling up the DagBag from /opt/airflow/dags/ingestion_seattle_population_dag.py
[2026-04-21T12:38:53.438+0000] {processor.py:840} INFO - DAG(s) 'ingestion_seattle_population' retrieved from /opt/airflow/dags/ingestion_seattle_population_dag.py
[2026-04-21T12:38:53.464+0000] {logging_mixin.py:188} INFO - [2026-04-21T12:38:53.463+0000] {dag.py:3096} INFO - Sync 1 DAGs
[2026-04-21T12:38:53.478+0000] {logging_mixin.py:188} INFO - [2026-04-21T12:38:53.477+0000] {dag.py:3954} INFO - Setting next_dagrun for ingestion_seattle_population to 2026-01-01 00:00:00+00:00, run_after=2027-01-01 00:00:00+00:00
[2026-04-21T12:38:53.489+0000] {processor.py:183} INFO - Processing /opt/airflow/dags/ingestion_seattle_population_dag.py took 0.081 seconds
[2026-04-21T12:39:23.732+0000] {processor.py:161} INFO - Started process (PID=568) to work on /opt/airflow/dags/ingestion_seattle_population_dag.py
[2026-04-21T12:39:23.733+0000] {processor.py:830} INFO - Processing file /opt/airflow/dags/ingestion_seattle_population_dag.py for tasks to queue
[2026-04-21T12:39:23.736+0000] {logging_mixin.py:188} INFO - [2026-04-21T12:39:23.736+0000] {dagbag.py:545} INFO - Filling up the DagBag from /opt/airflow/dags/ingestion_seattle_population_dag.py
[2026-04-21T12:39:23.752+0000] {processor.py:840} INFO - DAG(s) 'ingestion_seattle_population' retrieved from /opt/airflow/dags/ingestion_seattle_population_dag.py
[2026-04-21T12:39:23.782+0000] {logging_mixin.py:188} INFO - [2026-04-21T12:39:23.782+0000] {dag.py:3096} INFO - Sync 1 DAGs
[2026-04-21T12:39:23.796+0000] {logging_mixin.py:188} INFO - [2026-04-21T12:39:23.796+0000] {dag.py:3954} INFO - Setting next_dagrun for ingestion_seattle_population to 2026-01-01 00:00:00+00:00, run_after=2027-01-01 00:00:00+00:00
[2026-04-21T12:39:23.806+0000] {processor.py:183} INFO - Processing /opt/airflow/dags/ingestion_seattle_population_dag.py took 0.082 seconds
[2026-04-21T12:39:54.074+0000] {processor.py:161} INFO - Started process (PID=579) to work on /opt/airflow/dags/ingestion_seattle_population_dag.py
[2026-04-21T12:39:54.076+0000] {processor.py:830} INFO - Processing file /opt/airflow/dags/ingestion_seattle_population_dag.py for tasks to queue
[2026-04-21T12:39:54.078+0000] {logging_mixin.py:188} INFO - [2026-04-21T12:39:54.078+0000] {dagbag.py:545} INFO - Filling up the DagBag from /opt/airflow/dags/ingestion_seattle_population_dag.py
[2026-04-21T12:39:54.097+0000] {processor.py:840} INFO - DAG(s) 'ingestion_seattle_population' retrieved from /opt/airflow/dags/ingestion_seattle_population_dag.py
[2026-04-21T12:39:54.135+0000] {logging_mixin.py:188} INFO - [2026-04-21T12:39:54.135+0000] {dag.py:3096} INFO - Sync 1 DAGs
[2026-04-21T12:39:54.151+0000] {logging_mixin.py:188} INFO - [2026-04-21T12:39:54.151+0000] {dag.py:3954} INFO - Setting next_dagrun for ingestion_seattle_population to 2026-01-01 00:00:00+00:00, run_after=2027-01-01 00:00:00+00:00
[2026-04-21T12:39:54.166+0000] {processor.py:183} INFO - Processing /opt/airflow/dags/ingestion_seattle_population_dag.py took 0.104 seconds
[2026-04-21T12:40:24.362+0000] {processor.py:161} INFO - Started process (PID=590) to work on /opt/airflow/dags/ingestion_seattle_population_dag.py
[2026-04-21T12:40:24.364+0000] {processor.py:830} INFO - Processing file /opt/airflow/dags/ingestion_seattle_population_dag.py for tasks to queue
[2026-04-21T12:40:24.366+0000] {logging_mixin.py:188} INFO - [2026-04-21T12:40:24.366+0000] {dagbag.py:545} INFO - Filling up the DagBag from /opt/airflow/dags/ingestion_seattle_population_dag.py
[2026-04-21T12:40:24.381+0000] {processor.py:840} INFO - DAG(s) 'ingestion_seattle_population' retrieved from /opt/airflow/dags/ingestion_seattle_population_dag.py
[2026-04-21T12:40:24.406+0000] {logging_mixin.py:188} INFO - [2026-04-21T12:40:24.405+0000] {dag.py:3096} INFO - Sync 1 DAGs
[2026-04-21T12:40:24.422+0000] {logging_mixin.py:188} INFO - [2026-04-21T12:40:24.422+0000] {dag.py:3954} INFO - Setting next_dagrun for ingestion_seattle_population to 2026-01-01 00:00:00+00:00, run_after=2027-01-01 00:00:00+00:00
[2026-04-21T12:40:24.434+0000] {processor.py:183} INFO - Processing /opt/airflow/dags/ingestion_seattle_population_dag.py took 0.081 seconds
[2026-04-21T12:40:54.804+0000] {processor.py:161} INFO - Started process (PID=601) to work on /opt/airflow/dags/ingestion_seattle_population_dag.py
[2026-04-21T12:40:54.806+0000] {processor.py:830} INFO - Processing file /opt/airflow/dags/ingestion_seattle_population_dag.py for tasks to queue
[2026-04-21T12:40:54.811+0000] {logging_mixin.py:188} INFO - [2026-04-21T12:40:54.810+0000] {dagbag.py:545} INFO - Filling up the DagBag from /opt/airflow/dags/ingestion_seattle_population_dag.py
[2026-04-21T12:40:54.829+0000] {processor.py:840} INFO - DAG(s) 'ingestion_seattle_population' retrieved from /opt/airflow/dags/ingestion_seattle_population_dag.py
[2026-04-21T12:40:54.884+0000] {logging_mixin.py:188} INFO - [2026-04-21T12:40:54.884+0000] {dag.py:3096} INFO - Sync 1 DAGs
[2026-04-21T12:40:54.906+0000] {logging_mixin.py:188} INFO - [2026-04-21T12:40:54.906+0000] {dag.py:3954} INFO - Setting next_dagrun for ingestion_seattle_population to 2026-01-01 00:00:00+00:00, run_after=2027-01-01 00:00:00+00:00
[2026-04-21T12:40:54.919+0000] {processor.py:183} INFO - Processing /opt/airflow/dags/ingestion_seattle_population_dag.py took 0.121 seconds
