2026-04-21 08:50:36,480 [INFO] Silver consumer started
2026-04-21 08:50:36,482 [INFO] <BrokerConnection node_id=bootstrap-0 host=kafka:9092 <connecting> [IPv4 ('172.19.0.4', 9092)]>: connecting to kafka:9092 [('172.19.0.4', 9092) IPv4]
2026-04-21 08:50:36,482 [INFO] Probing node bootstrap-0 broker version
2026-04-21 08:50:36,482 [INFO] <BrokerConnection node_id=bootstrap-0 host=kafka:9092 <connecting> [IPv4 ('172.19.0.4', 9092)]>: Connection complete.
2026-04-21 08:50:36,584 [INFO] Broker version identified as 2.6.0
2026-04-21 08:50:36,585 [INFO] Set configuration api_version=(2, 6, 0) to skip auto check_version requests on startup
2026-04-21 08:50:36,585 [INFO] Updating subscribed topics to: ('bronze_911_calls', 'bronze_crime_reports')
2026-04-21 08:50:36,689 [WARNING] Topic bronze_911_calls is not available during auto-create initialization
2026-04-21 08:50:36,689 [WARNING] Topic bronze_crime_reports is not available during auto-create initialization
2026-04-21 08:50:36,689 [INFO] Group coordinator for silver-consumer-group is BrokerMetadata(nodeId='coordinator-1', host='kafka', port=9092, rack=None)
2026-04-21 08:50:36,689 [INFO] Discovered coordinator coordinator-1 for group silver-consumer-group
2026-04-21 08:50:36,689 [INFO] Starting new heartbeat thread
2026-04-21 08:50:36,690 [INFO] Revoking previously assigned partitions set() for group silver-consumer-group
2026-04-21 08:50:36,690 [INFO] <BrokerConnection node_id=coordinator-1 host=kafka:9092 <connecting> [IPv4 ('172.19.0.4', 9092)]>: connecting to kafka:9092 [('172.19.0.4', 9092) IPv4]
2026-04-21 08:50:36,690 [INFO] <BrokerConnection node_id=coordinator-1 host=kafka:9092 <connecting> [IPv4 ('172.19.0.4', 9092)]>: Connection complete.
2026-04-21 08:50:36,690 [INFO] <BrokerConnection node_id=bootstrap-0 host=kafka:9092 <connected> [IPv4 ('172.19.0.4', 9092)]>: Closing connection. 
2026-04-21 08:50:36,792 [INFO] (Re-)joining group silver-consumer-group
2026-04-21 08:50:39,829 [INFO] Elected group leader -- performing partition assignments using range
2026-04-21 08:50:39,831 [WARNING] No partition metadata for topic bronze_crime_reports
2026-04-21 08:50:39,831 [WARNING] No partition metadata for topic bronze_911_calls
2026-04-21 08:50:39,835 [INFO] <BrokerConnection node_id=1 host=kafka:9092 <connecting> [IPv4 ('172.19.0.4', 9092)]>: connecting to kafka:9092 [('172.19.0.4', 9092) IPv4]
2026-04-21 08:50:39,836 [INFO] <BrokerConnection node_id=1 host=kafka:9092 <connecting> [IPv4 ('172.19.0.4', 9092)]>: Connection complete.
2026-04-21 08:50:39,871 [INFO] Successfully joined group silver-consumer-group with generation 1
2026-04-21 08:50:39,872 [INFO] Updated partition assignment: []
2026-04-21 08:50:39,872 [INFO] Setting newly assigned partitions set() for group silver-consumer-group
2026-04-21 08:50:39,872 [INFO] Revoking previously assigned partitions set() for group silver-consumer-group
2026-04-21 08:50:39,872 [INFO] (Re-)joining group silver-consumer-group
2026-04-21 08:50:39,875 [INFO] Elected group leader -- performing partition assignments using range
2026-04-21 08:50:39,878 [INFO] Successfully joined group silver-consumer-group with generation 2
2026-04-21 08:50:39,878 [INFO] Updated partition assignment: [TopicPartition(topic='bronze_911_calls', partition=0), TopicPartition(topic='bronze_crime_reports', partition=0)]
2026-04-21 08:50:39,879 [INFO] Setting newly assigned partitions {TopicPartition(topic='bronze_911_calls', partition=0), TopicPartition(topic='bronze_crime_reports', partition=0)} for group silver-consumer-group
2026-04-21 08:51:29,282 [INFO] Updated /data/silver/silver_crime_reports.csv rows=1
2026-04-21 08:51:29,434 [INFO] Updated /data/silver/silver_crime_reports.csv rows=86
2026-04-21 08:51:29,563 [INFO] Updated /data/silver/silver_crime_reports.csv rows=166
2026-04-21 08:51:29,671 [INFO] Updated /data/silver/silver_crime_reports.csv rows=249
2026-04-21 08:51:29,771 [INFO] Updated /data/silver/silver_crime_reports.csv rows=338
2026-04-21 08:51:29,928 [INFO] Updated /data/silver/silver_crime_reports.csv rows=430
2026-04-21 08:51:30,037 [INFO] Updated /data/silver/silver_crime_reports.csv rows=520
2026-04-21 08:51:30,140 [INFO] Updated /data/silver/silver_crime_reports.csv rows=610
2026-04-21 08:51:30,241 [INFO] Updated /data/silver/silver_crime_reports.csv rows=697
2026-04-21 08:51:30,346 [INFO] Updated /data/silver/silver_crime_reports.csv rows=788
2026-04-21 08:51:30,463 [INFO] Updated /data/silver/silver_crime_reports.csv rows=865
2026-04-21 08:51:30,565 [INFO] Updated /data/silver/silver_crime_reports.csv rows=950
2026-04-21 08:51:30,666 [INFO] Updated /data/silver/silver_crime_reports.csv rows=1040
2026-04-21 08:51:30,805 [INFO] Updated /data/silver/silver_crime_reports.csv rows=1127
2026-04-21 08:51:30,920 [INFO] Updated /data/silver/silver_crime_reports.csv rows=1218
2026-04-21 08:51:31,023 [INFO] Updated /data/silver/silver_crime_reports.csv rows=1298
2026-04-21 08:51:31,123 [INFO] Updated /data/silver/silver_crime_reports.csv rows=1388
2026-04-21 08:51:31,241 [INFO] Updated /data/silver/silver_crime_reports.csv rows=1473
2026-04-21 08:51:31,362 [INFO] Updated /data/silver/silver_crime_reports.csv rows=1559
2026-04-21 08:51:31,472 [INFO] Updated /data/silver/silver_crime_reports.csv rows=1640
2026-04-21 08:51:31,582 [INFO] Updated /data/silver/silver_crime_reports.csv rows=1728
2026-04-21 08:51:31,703 [INFO] Updated /data/silver/silver_crime_reports.csv rows=1803
2026-04-21 08:51:31,812 [INFO] Updated /data/silver/silver_crime_reports.csv rows=1888
2026-04-21 08:51:31,930 [INFO] Updated /data/silver/silver_crime_reports.csv rows=1979
2026-04-21 08:51:32,044 [INFO] Updated /data/silver/silver_crime_reports.csv rows=2051
2026-04-21 08:51:32,159 [INFO] Updated /data/silver/silver_crime_reports.csv rows=2141
2026-04-21 08:51:32,270 [INFO] Updated /data/silver/silver_crime_reports.csv rows=2223
2026-04-21 08:51:32,407 [INFO] Updated /data/silver/silver_crime_reports.csv rows=2310
2026-04-21 08:51:32,531 [INFO] Updated /data/silver/silver_crime_reports.csv rows=2392
2026-04-21 08:51:32,652 [INFO] Updated /data/silver/silver_crime_reports.csv rows=2476
2026-04-21 08:51:32,767 [INFO] Updated /data/silver/silver_crime_reports.csv rows=2569
2026-04-21 08:51:32,878 [INFO] Updated /data/silver/silver_crime_reports.csv rows=2657
2026-04-21 08:51:33,006 [INFO] Updated /data/silver/silver_crime_reports.csv rows=2737
2026-04-21 08:51:33,127 [INFO] Updated /data/silver/silver_crime_reports.csv rows=2832
2026-04-21 08:51:33,246 [INFO] Updated /data/silver/silver_crime_reports.csv rows=2919
2026-04-21 08:51:33,361 [INFO] Updated /data/silver/silver_crime_reports.csv rows=3009
2026-04-21 08:51:33,490 [INFO] Updated /data/silver/silver_crime_reports.csv rows=3096
2026-04-21 08:51:33,614 [INFO] Updated /data/silver/silver_crime_reports.csv rows=3188
2026-04-21 08:51:33,736 [INFO] Updated /data/silver/silver_crime_reports.csv rows=3272
2026-04-21 08:51:33,853 [INFO] Updated /data/silver/silver_crime_reports.csv rows=3366
2026-04-21 08:51:33,978 [INFO] Updated /data/silver/silver_crime_reports.csv rows=3441
2026-04-21 08:51:34,155 [INFO] Updated /data/silver/silver_crime_reports.csv rows=3525
2026-04-21 08:51:34,283 [INFO] Updated /data/silver/silver_crime_reports.csv rows=3607
2026-04-21 08:51:34,403 [INFO] Updated /data/silver/silver_crime_reports.csv rows=3682
2026-04-21 08:51:34,525 [INFO] Updated /data/silver/silver_crime_reports.csv rows=3772
2026-04-21 08:51:34,651 [INFO] Updated /data/silver/silver_crime_reports.csv rows=3855
2026-04-21 08:51:34,823 [INFO] Updated /data/silver/silver_crime_reports.csv rows=3944
2026-04-21 08:51:34,994 [INFO] Updated /data/silver/silver_crime_reports.csv rows=4024
2026-04-21 08:51:35,127 [INFO] Updated /data/silver/silver_crime_reports.csv rows=4118
2026-04-21 08:51:35,253 [INFO] Updated /data/silver/silver_crime_reports.csv rows=4199
2026-04-21 08:51:35,381 [INFO] Updated /data/silver/silver_crime_reports.csv rows=4289
2026-04-21 08:51:35,521 [INFO] Updated /data/silver/silver_crime_reports.csv rows=4370
2026-04-21 08:51:35,659 [INFO] Updated /data/silver/silver_crime_reports.csv rows=4453
2026-04-21 08:51:35,786 [INFO] Updated /data/silver/silver_crime_reports.csv rows=4536
2026-04-21 08:51:35,923 [INFO] Updated /data/silver/silver_crime_reports.csv rows=4629
2026-04-21 08:51:36,052 [INFO] Updated /data/silver/silver_crime_reports.csv rows=4711
2026-04-21 08:51:36,218 [INFO] Updated /data/silver/silver_crime_reports.csv rows=4794
2026-04-21 08:51:36,369 [INFO] Updated /data/silver/silver_crime_reports.csv rows=4890
2026-04-21 08:51:36,502 [INFO] Updated /data/silver/silver_crime_reports.csv rows=4970
2026-04-21 08:51:36,637 [INFO] Updated /data/silver/silver_crime_reports.csv rows=5046
2026-04-21 08:51:36,820 [INFO] Updated /data/silver/silver_crime_reports.csv rows=5139
2026-04-21 08:51:36,995 [INFO] Updated /data/silver/silver_crime_reports.csv rows=5224
2026-04-21 08:51:37,184 [INFO] Updated /data/silver/silver_crime_reports.csv rows=5314
2026-04-21 08:51:37,327 [INFO] Updated /data/silver/silver_crime_reports.csv rows=5396
2026-04-21 08:51:37,463 [INFO] Updated /data/silver/silver_crime_reports.csv rows=5489
2026-04-21 08:51:37,599 [INFO] Updated /data/silver/silver_crime_reports.csv rows=5572
2026-04-21 08:51:37,777 [INFO] Updated /data/silver/silver_crime_reports.csv rows=5662
2026-04-21 08:51:37,921 [INFO] Updated /data/silver/silver_crime_reports.csv rows=5753
2026-04-21 08:51:38,059 [INFO] Updated /data/silver/silver_crime_reports.csv rows=5827
2026-04-21 08:51:38,232 [INFO] Updated /data/silver/silver_crime_reports.csv rows=5915
2026-04-21 08:51:38,386 [INFO] Updated /data/silver/silver_crime_reports.csv rows=6002
2026-04-21 08:51:38,528 [INFO] Updated /data/silver/silver_crime_reports.csv rows=6091
2026-04-21 08:51:38,689 [INFO] Updated /data/silver/silver_crime_reports.csv rows=6175
2026-04-21 08:51:38,848 [INFO] Updated /data/silver/silver_crime_reports.csv rows=6263
2026-04-21 08:51:39,014 [INFO] Updated /data/silver/silver_crime_reports.csv rows=6346
2026-04-21 08:51:39,220 [INFO] Updated /data/silver/silver_crime_reports.csv rows=6434
2026-04-21 08:51:39,497 [INFO] Updated /data/silver/silver_crime_reports.csv rows=6517
2026-04-21 08:51:39,711 [INFO] Updated /data/silver/silver_crime_reports.csv rows=6600
2026-04-21 08:51:39,898 [INFO] Updated /data/silver/silver_crime_reports.csv rows=6684
2026-04-21 08:51:40,049 [INFO] Updated /data/silver/silver_crime_reports.csv rows=6779
2026-04-21 08:51:40,223 [INFO] Updated /data/silver/silver_crime_reports.csv rows=6863
2026-04-21 08:51:40,434 [INFO] Updated /data/silver/silver_crime_reports.csv rows=6956
2026-04-21 08:51:40,647 [INFO] Updated /data/silver/silver_crime_reports.csv rows=7042
2026-04-21 08:51:40,873 [INFO] Updated /data/silver/silver_crime_reports.csv rows=7133
2026-04-21 08:51:41,038 [INFO] Updated /data/silver/silver_crime_reports.csv rows=7213
2026-04-21 08:51:41,188 [INFO] Updated /data/silver/silver_crime_reports.csv rows=7303
2026-04-21 08:51:41,383 [INFO] Updated /data/silver/silver_crime_reports.csv rows=7388
2026-04-21 08:51:41,599 [INFO] Updated /data/silver/silver_crime_reports.csv rows=7476
2026-04-21 08:51:41,821 [INFO] Updated /data/silver/silver_crime_reports.csv rows=7557
2026-04-21 08:51:42,041 [INFO] Updated /data/silver/silver_crime_reports.csv rows=7640
2026-04-21 08:51:42,218 [INFO] Updated /data/silver/silver_crime_reports.csv rows=7723
2026-04-21 08:51:42,391 [INFO] Updated /data/silver/silver_crime_reports.csv rows=7809
2026-04-21 08:51:42,604 [INFO] Updated /data/silver/silver_crime_reports.csv rows=7906
2026-04-21 08:51:42,817 [INFO] Updated /data/silver/silver_crime_reports.csv rows=8002
2026-04-21 08:51:42,974 [INFO] Updated /data/silver/silver_crime_reports.csv rows=8091
2026-04-21 08:51:43,136 [INFO] Updated /data/silver/silver_crime_reports.csv rows=8189
2026-04-21 08:51:43,340 [INFO] Updated /data/silver/silver_crime_reports.csv rows=8271
2026-04-21 08:51:43,545 [INFO] Updated /data/silver/silver_crime_reports.csv rows=8365
2026-04-21 08:51:43,743 [INFO] Updated /data/silver/silver_crime_reports.csv rows=8450
2026-04-21 08:51:43,907 [INFO] Updated /data/silver/silver_crime_reports.csv rows=8538
2026-04-21 08:51:44,071 [INFO] Updated /data/silver/silver_crime_reports.csv rows=8620
2026-04-21 08:51:44,306 [INFO] Updated /data/silver/silver_crime_reports.csv rows=8710
2026-04-21 08:51:44,468 [INFO] Updated /data/silver/silver_crime_reports.csv rows=8793
2026-04-21 08:51:44,636 [INFO] Updated /data/silver/silver_crime_reports.csv rows=8873
2026-04-21 08:51:44,848 [INFO] Updated /data/silver/silver_crime_reports.csv rows=8950
2026-04-21 08:51:45,015 [INFO] Updated /data/silver/silver_crime_reports.csv rows=9042
2026-04-21 08:51:45,189 [INFO] Updated /data/silver/silver_crime_reports.csv rows=9123
2026-04-21 08:51:45,386 [INFO] Updated /data/silver/silver_crime_reports.csv rows=9202
2026-04-21 08:51:45,556 [INFO] Updated /data/silver/silver_crime_reports.csv rows=9288
2026-04-21 08:51:45,732 [INFO] Updated /data/silver/silver_crime_reports.csv rows=9368
2026-04-21 08:51:45,992 [INFO] Updated /data/silver/silver_crime_reports.csv rows=9462
2026-04-21 08:51:46,181 [INFO] Updated /data/silver/silver_crime_reports.csv rows=9550
2026-04-21 08:51:46,354 [INFO] Updated /data/silver/silver_crime_reports.csv rows=9642
2026-04-21 08:51:46,538 [INFO] Updated /data/silver/silver_crime_reports.csv rows=9729
2026-04-21 08:51:46,764 [INFO] Updated /data/silver/silver_crime_reports.csv rows=9820
2026-04-21 08:51:46,938 [INFO] Updated /data/silver/silver_crime_reports.csv rows=9908
2026-04-21 08:51:47,138 [INFO] Updated /data/silver/silver_crime_reports.csv rows=9995
2026-04-21 08:51:47,368 [INFO] Updated /data/silver/silver_crime_reports.csv rows=10086
2026-04-21 08:51:47,613 [INFO] Updated /data/silver/silver_crime_reports.csv rows=10169
2026-04-21 08:51:47,860 [INFO] Updated /data/silver/silver_crime_reports.csv rows=10251
2026-04-21 08:51:48,062 [INFO] Updated /data/silver/silver_crime_reports.csv rows=10339
2026-04-21 08:51:48,282 [INFO] Updated /data/silver/silver_crime_reports.csv rows=10418
2026-04-21 08:51:48,522 [INFO] Updated /data/silver/silver_crime_reports.csv rows=10505
2026-04-21 08:51:48,704 [INFO] Updated /data/silver/silver_crime_reports.csv rows=10595
2026-04-21 08:51:48,874 [INFO] Updated /data/silver/silver_crime_reports.csv rows=10684
2026-04-21 08:51:49,116 [INFO] Updated /data/silver/silver_crime_reports.csv rows=10772
2026-04-21 08:51:49,341 [INFO] Updated /data/silver/silver_crime_reports.csv rows=10856
2026-04-21 08:51:49,522 [INFO] Updated /data/silver/silver_crime_reports.csv rows=10942
2026-04-21 08:51:49,693 [INFO] Updated /data/silver/silver_crime_reports.csv rows=11035
2026-04-21 08:51:49,954 [INFO] Updated /data/silver/silver_crime_reports.csv rows=11126
2026-04-21 08:51:50,134 [INFO] Updated /data/silver/silver_crime_reports.csv rows=11206
2026-04-21 08:51:50,329 [INFO] Updated /data/silver/silver_crime_reports.csv rows=11290
2026-04-21 08:51:50,538 [INFO] Updated /data/silver/silver_crime_reports.csv rows=11365
2026-04-21 08:51:50,710 [INFO] Updated /data/silver/silver_crime_reports.csv rows=11454
2026-04-21 08:51:50,892 [INFO] Updated /data/silver/silver_crime_reports.csv rows=11542
2026-04-21 08:51:51,149 [INFO] Updated /data/silver/silver_crime_reports.csv rows=11614
2026-04-21 08:51:51,336 [INFO] Updated /data/silver/silver_crime_reports.csv rows=11706
2026-04-21 08:51:51,515 [INFO] Updated /data/silver/silver_crime_reports.csv rows=11782
2026-04-21 08:51:51,742 [INFO] Updated /data/silver/silver_crime_reports.csv rows=11876
2026-04-21 08:51:52,005 [INFO] Updated /data/silver/silver_crime_reports.csv rows=11954
2026-04-21 08:51:52,185 [INFO] Updated /data/silver/silver_crime_reports.csv rows=12031
2026-04-21 08:51:52,398 [INFO] Updated /data/silver/silver_crime_reports.csv rows=12107
2026-04-21 08:51:52,624 [INFO] Updated /data/silver/silver_crime_reports.csv rows=12202
2026-04-21 08:51:52,802 [INFO] Updated /data/silver/silver_crime_reports.csv rows=12285
2026-04-21 08:51:53,007 [INFO] Updated /data/silver/silver_crime_reports.csv rows=12375
2026-04-21 08:51:53,213 [INFO] Updated /data/silver/silver_crime_reports.csv rows=12462
2026-04-21 08:51:53,396 [INFO] Updated /data/silver/silver_crime_reports.csv rows=12555
2026-04-21 08:51:53,618 [INFO] Updated /data/silver/silver_crime_reports.csv rows=12642
2026-04-21 08:51:53,876 [INFO] Updated /data/silver/silver_crime_reports.csv rows=12719
2026-04-21 08:51:54,153 [INFO] Updated /data/silver/silver_crime_reports.csv rows=12803
2026-04-21 08:51:54,397 [INFO] Updated /data/silver/silver_crime_reports.csv rows=12887
2026-04-21 08:51:54,577 [INFO] Updated /data/silver/silver_crime_reports.csv rows=12961
2026-04-21 08:51:54,806 [INFO] Updated /data/silver/silver_crime_reports.csv rows=13057
2026-04-21 08:51:55,081 [INFO] Updated /data/silver/silver_crime_reports.csv rows=13146
2026-04-21 08:51:55,313 [INFO] Updated /data/silver/silver_crime_reports.csv rows=13230
2026-04-21 08:51:55,588 [INFO] Updated /data/silver/silver_crime_reports.csv rows=13320
2026-04-21 08:51:55,863 [INFO] Updated /data/silver/silver_crime_reports.csv rows=13409
2026-04-21 08:51:56,066 [INFO] Updated /data/silver/silver_crime_reports.csv rows=13492
2026-04-21 08:51:56,273 [INFO] Updated /data/silver/silver_crime_reports.csv rows=13576
2026-04-21 08:51:56,542 [INFO] Updated /data/silver/silver_crime_reports.csv rows=13666
2026-04-21 08:51:56,770 [INFO] Updated /data/silver/silver_crime_reports.csv rows=13754
2026-04-21 08:51:56,974 [INFO] Updated /data/silver/silver_crime_reports.csv rows=13832
2026-04-21 08:51:57,235 [INFO] Updated /data/silver/silver_crime_reports.csv rows=13919
2026-04-21 08:51:57,519 [INFO] Updated /data/silver/silver_crime_reports.csv rows=14008
2026-04-21 08:51:57,786 [INFO] Updated /data/silver/silver_crime_reports.csv rows=14099
2026-04-21 08:51:58,072 [INFO] Updated /data/silver/silver_crime_reports.csv rows=14183
2026-04-21 08:51:58,274 [INFO] Updated /data/silver/silver_crime_reports.csv rows=14270
2026-04-21 08:51:58,465 [INFO] Updated /data/silver/silver_crime_reports.csv rows=14354
2026-04-21 08:51:58,753 [INFO] Updated /data/silver/silver_crime_reports.csv rows=14442
2026-04-21 08:51:59,052 [INFO] Updated /data/silver/silver_crime_reports.csv rows=14518
2026-04-21 08:51:59,353 [INFO] Updated /data/silver/silver_crime_reports.csv rows=14606
2026-04-21 08:51:59,577 [INFO] Updated /data/silver/silver_crime_reports.csv rows=14689
2026-04-21 08:51:59,850 [INFO] Updated /data/silver/silver_crime_reports.csv rows=14773
2026-04-21 08:52:00,154 [INFO] Updated /data/silver/silver_crime_reports.csv rows=14861
2026-04-21 08:52:00,459 [INFO] Updated /data/silver/silver_crime_reports.csv rows=14949
2026-04-21 08:52:00,666 [INFO] Updated /data/silver/silver_crime_reports.csv rows=15036
2026-04-21 08:52:00,929 [INFO] Updated /data/silver/silver_crime_reports.csv rows=15121
2026-04-21 08:52:01,192 [INFO] Updated /data/silver/silver_crime_reports.csv rows=15204
2026-04-21 08:52:01,393 [INFO] Updated /data/silver/silver_crime_reports.csv rows=15289
2026-04-21 08:52:01,680 [INFO] Updated /data/silver/silver_crime_reports.csv rows=15380
2026-04-21 08:52:01,889 [INFO] Updated /data/silver/silver_crime_reports.csv rows=15466
2026-04-21 08:52:02,159 [INFO] Updated /data/silver/silver_crime_reports.csv rows=15553
2026-04-21 08:52:02,453 [INFO] Updated /data/silver/silver_crime_reports.csv rows=15642
2026-04-21 08:52:02,669 [INFO] Updated /data/silver/silver_crime_reports.csv rows=15735
2026-04-21 08:52:02,915 [INFO] Updated /data/silver/silver_crime_reports.csv rows=15808
2026-04-21 08:52:03,164 [INFO] Updated /data/silver/silver_crime_reports.csv rows=15899
2026-04-21 08:52:03,370 [INFO] Updated /data/silver/silver_crime_reports.csv rows=15982
2026-04-21 08:52:03,683 [INFO] Updated /data/silver/silver_crime_reports.csv rows=16077
2026-04-21 08:52:03,992 [INFO] Updated /data/silver/silver_crime_reports.csv rows=16161
2026-04-21 08:52:04,206 [INFO] Updated /data/silver/silver_crime_reports.csv rows=16247
2026-04-21 08:52:04,475 [INFO] Updated /data/silver/silver_crime_reports.csv rows=16323
2026-04-21 08:52:04,790 [INFO] Updated /data/silver/silver_crime_reports.csv rows=16409
2026-04-21 08:52:05,037 [INFO] Updated /data/silver/silver_crime_reports.csv rows=16489
2026-04-21 08:52:05,303 [INFO] Updated /data/silver/silver_crime_reports.csv rows=16579
2026-04-21 08:52:05,541 [INFO] Updated /data/silver/silver_crime_reports.csv rows=16657
2026-04-21 08:52:05,751 [INFO] Updated /data/silver/silver_crime_reports.csv rows=16750
2026-04-21 08:52:06,068 [INFO] Updated /data/silver/silver_crime_reports.csv rows=16831
2026-04-21 08:52:06,399 [INFO] Updated /data/silver/silver_crime_reports.csv rows=16921
2026-04-21 08:52:06,618 [INFO] Updated /data/silver/silver_crime_reports.csv rows=17012
2026-04-21 08:52:06,918 [INFO] Updated /data/silver/silver_crime_reports.csv rows=17094
2026-04-21 08:52:07,222 [INFO] Updated /data/silver/silver_crime_reports.csv rows=17177
2026-04-21 08:52:07,446 [INFO] Updated /data/silver/silver_crime_reports.csv rows=17268
2026-04-21 08:52:07,735 [INFO] Updated /data/silver/silver_crime_reports.csv rows=17356
2026-04-21 08:52:08,042 [INFO] Updated /data/silver/silver_crime_reports.csv rows=17444
2026-04-21 08:52:08,384 [INFO] Updated /data/silver/silver_crime_reports.csv rows=17522
2026-04-21 08:52:08,626 [INFO] Updated /data/silver/silver_crime_reports.csv rows=17612
2026-04-21 08:52:08,868 [INFO] Updated /data/silver/silver_crime_reports.csv rows=17691
2026-04-21 08:52:09,089 [INFO] Updated /data/silver/silver_crime_reports.csv rows=17778
2026-04-21 08:52:09,311 [INFO] Updated /data/silver/silver_crime_reports.csv rows=17867
2026-04-21 08:52:09,529 [INFO] Updated /data/silver/silver_crime_reports.csv rows=17959
2026-04-21 08:52:09,752 [INFO] Updated /data/silver/silver_crime_reports.csv rows=18044
2026-04-21 08:52:10,004 [INFO] Updated /data/silver/silver_crime_reports.csv rows=18130
2026-04-21 08:52:10,230 [INFO] Updated /data/silver/silver_crime_reports.csv rows=18223
2026-04-21 08:52:10,450 [INFO] Updated /data/silver/silver_crime_reports.csv rows=18314
2026-04-21 08:52:10,704 [INFO] Updated /data/silver/silver_crime_reports.csv rows=18400
2026-04-21 08:52:10,939 [INFO] Updated /data/silver/silver_crime_reports.csv rows=18487
2026-04-21 08:52:11,184 [INFO] Updated /data/silver/silver_crime_reports.csv rows=18571
2026-04-21 08:52:11,443 [INFO] Updated /data/silver/silver_crime_reports.csv rows=18647
2026-04-21 08:52:11,686 [INFO] Updated /data/silver/silver_crime_reports.csv rows=18723
2026-04-21 08:52:11,919 [INFO] Updated /data/silver/silver_crime_reports.csv rows=18803
2026-04-21 08:52:12,159 [INFO] Updated /data/silver/silver_crime_reports.csv rows=18886
2026-04-21 08:52:12,395 [INFO] Updated /data/silver/silver_crime_reports.csv rows=18983
2026-04-21 08:52:12,644 [INFO] Updated /data/silver/silver_crime_reports.csv rows=19067
2026-04-21 08:52:12,876 [INFO] Updated /data/silver/silver_crime_reports.csv rows=19157
2026-04-21 08:52:13,108 [INFO] Updated /data/silver/silver_crime_reports.csv rows=19236
2026-04-21 08:52:13,356 [INFO] Updated /data/silver/silver_crime_reports.csv rows=19317
2026-04-21 08:52:13,652 [INFO] Updated /data/silver/silver_crime_reports.csv rows=19405
2026-04-21 08:52:13,890 [INFO] Updated /data/silver/silver_crime_reports.csv rows=19491
2026-04-21 08:52:14,170 [INFO] Updated /data/silver/silver_crime_reports.csv rows=19570
2026-04-21 08:52:14,417 [INFO] Updated /data/silver/silver_crime_reports.csv rows=19656
2026-04-21 08:52:14,652 [INFO] Updated /data/silver/silver_crime_reports.csv rows=19749
2026-04-21 08:52:14,888 [INFO] Updated /data/silver/silver_crime_reports.csv rows=19836
2026-04-21 08:52:15,125 [INFO] Updated /data/silver/silver_crime_reports.csv rows=19924
2026-04-21 08:52:15,363 [INFO] Updated /data/silver/silver_crime_reports.csv rows=20009
2026-04-21 08:52:15,602 [INFO] Updated /data/silver/silver_crime_reports.csv rows=20090
2026-04-21 08:52:15,841 [INFO] Updated /data/silver/silver_crime_reports.csv rows=20166
2026-04-21 08:52:16,090 [INFO] Updated /data/silver/silver_crime_reports.csv rows=20250
2026-04-21 08:52:16,332 [INFO] Updated /data/silver/silver_crime_reports.csv rows=20331
2026-04-21 08:52:16,572 [INFO] Updated /data/silver/silver_crime_reports.csv rows=20415
2026-04-21 08:52:16,825 [INFO] Updated /data/silver/silver_crime_reports.csv rows=20502
2026-04-21 08:52:17,064 [INFO] Updated /data/silver/silver_crime_reports.csv rows=20597
2026-04-21 08:52:17,303 [INFO] Updated /data/silver/silver_crime_reports.csv rows=20685
2026-04-21 08:52:17,548 [INFO] Updated /data/silver/silver_crime_reports.csv rows=20765
2026-04-21 08:52:17,791 [INFO] Updated /data/silver/silver_crime_reports.csv rows=20854
2026-04-21 08:52:18,034 [INFO] Updated /data/silver/silver_crime_reports.csv rows=20944
2026-04-21 08:52:18,276 [INFO] Updated /data/silver/silver_crime_reports.csv rows=21033
2026-04-21 08:52:18,519 [INFO] Updated /data/silver/silver_crime_reports.csv rows=21116
2026-04-21 08:52:18,764 [INFO] Updated /data/silver/silver_crime_reports.csv rows=21197
2026-04-21 08:52:19,010 [INFO] Updated /data/silver/silver_crime_reports.csv rows=21286
2026-04-21 08:52:19,255 [INFO] Updated /data/silver/silver_crime_reports.csv rows=21366
2026-04-21 08:52:19,504 [INFO] Updated /data/silver/silver_crime_reports.csv rows=21446
2026-04-21 08:52:19,753 [INFO] Updated /data/silver/silver_crime_reports.csv rows=21532
2026-04-21 08:52:20,060 [INFO] Updated /data/silver/silver_crime_reports.csv rows=21622
2026-04-21 08:52:20,306 [INFO] Updated /data/silver/silver_crime_reports.csv rows=21708
2026-04-21 08:52:20,558 [INFO] Updated /data/silver/silver_crime_reports.csv rows=21801
2026-04-21 08:52:20,812 [INFO] Updated /data/silver/silver_crime_reports.csv rows=21893
2026-04-21 08:52:21,066 [INFO] Updated /data/silver/silver_crime_reports.csv rows=21975
2026-04-21 08:52:21,320 [INFO] Updated /data/silver/silver_crime_reports.csv rows=22060
2026-04-21 08:52:21,572 [INFO] Updated /data/silver/silver_crime_reports.csv rows=22141
2026-04-21 08:52:21,827 [INFO] Updated /data/silver/silver_crime_reports.csv rows=22234
2026-04-21 08:52:22,086 [INFO] Updated /data/silver/silver_crime_reports.csv rows=22318
2026-04-21 08:52:22,346 [INFO] Updated /data/silver/silver_crime_reports.csv rows=22405
2026-04-21 08:52:22,605 [INFO] Updated /data/silver/silver_crime_reports.csv rows=22491
2026-04-21 08:52:22,862 [INFO] Updated /data/silver/silver_crime_reports.csv rows=22577
2026-04-21 08:52:23,120 [INFO] Updated /data/silver/silver_crime_reports.csv rows=22662
2026-04-21 08:52:23,379 [INFO] Updated /data/silver/silver_crime_reports.csv rows=22746
2026-04-21 08:52:23,638 [INFO] Updated /data/silver/silver_crime_reports.csv rows=22821
2026-04-21 08:52:23,899 [INFO] Updated /data/silver/silver_crime_reports.csv rows=22904
2026-04-21 08:52:24,170 [INFO] Updated /data/silver/silver_crime_reports.csv rows=22990
2026-04-21 08:52:24,439 [INFO] Updated /data/silver/silver_crime_reports.csv rows=23082
2026-04-21 08:52:24,702 [INFO] Updated /data/silver/silver_crime_reports.csv rows=23174
2026-04-21 08:52:24,965 [INFO] Updated /data/silver/silver_crime_reports.csv rows=23254
2026-04-21 08:52:25,227 [INFO] Updated /data/silver/silver_crime_reports.csv rows=23343
2026-04-21 08:52:25,489 [INFO] Updated /data/silver/silver_crime_reports.csv rows=23425
2026-04-21 08:52:25,753 [INFO] Updated /data/silver/silver_crime_reports.csv rows=23506
2026-04-21 08:52:26,016 [INFO] Updated /data/silver/silver_crime_reports.csv rows=23595
2026-04-21 08:52:26,285 [INFO] Updated /data/silver/silver_crime_reports.csv rows=23678
2026-04-21 08:52:26,554 [INFO] Updated /data/silver/silver_crime_reports.csv rows=23766
2026-04-21 08:52:26,844 [INFO] Updated /data/silver/silver_crime_reports.csv rows=23848
2026-04-21 08:52:27,128 [INFO] Updated /data/silver/silver_crime_reports.csv rows=23939
2026-04-21 08:52:27,428 [INFO] Updated /data/silver/silver_crime_reports.csv rows=24016
2026-04-21 08:52:27,708 [INFO] Updated /data/silver/silver_crime_reports.csv rows=24101
2026-04-21 08:52:27,995 [INFO] Updated /data/silver/silver_crime_reports.csv rows=24193
2026-04-21 08:52:28,267 [INFO] Updated /data/silver/silver_crime_reports.csv rows=24271
2026-04-21 08:52:28,536 [INFO] Updated /data/silver/silver_crime_reports.csv rows=24350
2026-04-21 08:52:28,815 [INFO] Updated /data/silver/silver_crime_reports.csv rows=24432
2026-04-21 08:52:29,084 [INFO] Updated /data/silver/silver_crime_reports.csv rows=24521
2026-04-21 08:52:29,381 [INFO] Updated /data/silver/silver_crime_reports.csv rows=24595
2026-04-21 08:52:29,659 [INFO] Updated /data/silver/silver_crime_reports.csv rows=24687
2026-04-21 08:52:29,969 [INFO] Updated /data/silver/silver_crime_reports.csv rows=24767
2026-04-21 08:52:30,245 [INFO] Updated /data/silver/silver_crime_reports.csv rows=24852
2026-04-21 08:52:30,524 [INFO] Updated /data/silver/silver_crime_reports.csv rows=24938
2026-04-21 08:52:30,805 [INFO] Updated /data/silver/silver_crime_reports.csv rows=25028
2026-04-21 08:52:31,081 [INFO] Updated /data/silver/silver_crime_reports.csv rows=25106
2026-04-21 08:52:31,354 [INFO] Updated /data/silver/silver_crime_reports.csv rows=25195
2026-04-21 08:52:31,651 [INFO] Updated /data/silver/silver_crime_reports.csv rows=25275
2026-04-21 08:52:31,937 [INFO] Updated /data/silver/silver_crime_reports.csv rows=25353
2026-04-21 08:52:32,218 [INFO] Updated /data/silver/silver_crime_reports.csv rows=25441
2026-04-21 08:52:32,505 [INFO] Updated /data/silver/silver_crime_reports.csv rows=25528
2026-04-21 08:52:32,795 [INFO] Updated /data/silver/silver_crime_reports.csv rows=25612
2026-04-21 08:52:33,080 [INFO] Updated /data/silver/silver_crime_reports.csv rows=25698
2026-04-21 08:52:33,383 [INFO] Updated /data/silver/silver_crime_reports.csv rows=25781
2026-04-21 08:52:33,668 [INFO] Updated /data/silver/silver_crime_reports.csv rows=25856
2026-04-21 08:52:33,954 [INFO] Updated /data/silver/silver_crime_reports.csv rows=25945
2026-04-21 08:52:34,246 [INFO] Updated /data/silver/silver_crime_reports.csv rows=26020
2026-04-21 08:52:34,528 [INFO] Updated /data/silver/silver_crime_reports.csv rows=26109
2026-04-21 08:52:34,815 [INFO] Updated /data/silver/silver_crime_reports.csv rows=26194
2026-04-21 08:52:35,102 [INFO] Updated /data/silver/silver_crime_reports.csv rows=26267
2026-04-21 08:52:35,389 [INFO] Updated /data/silver/silver_crime_reports.csv rows=26365
2026-04-21 08:52:35,683 [INFO] Updated /data/silver/silver_crime_reports.csv rows=26459
2026-04-21 08:52:35,968 [INFO] Updated /data/silver/silver_crime_reports.csv rows=26541
2026-04-21 08:52:36,259 [INFO] Updated /data/silver/silver_crime_reports.csv rows=26631
2026-04-21 08:52:36,570 [INFO] Updated /data/silver/silver_crime_reports.csv rows=26717
2026-04-21 08:52:36,861 [INFO] Updated /data/silver/silver_crime_reports.csv rows=26810
2026-04-21 08:52:37,146 [INFO] Updated /data/silver/silver_crime_reports.csv rows=26895
2026-04-21 08:52:37,436 [INFO] Updated /data/silver/silver_crime_reports.csv rows=26983
2026-04-21 08:52:37,729 [INFO] Updated /data/silver/silver_crime_reports.csv rows=27068
2026-04-21 08:52:38,026 [INFO] Updated /data/silver/silver_crime_reports.csv rows=27151
2026-04-21 08:52:38,318 [INFO] Updated /data/silver/silver_crime_reports.csv rows=27225
2026-04-21 08:52:38,612 [INFO] Updated /data/silver/silver_crime_reports.csv rows=27324
2026-04-21 08:52:38,899 [INFO] Updated /data/silver/silver_crime_reports.csv rows=27416
2026-04-21 08:52:39,196 [INFO] Updated /data/silver/silver_crime_reports.csv rows=27505
2026-04-21 08:52:39,489 [INFO] Updated /data/silver/silver_crime_reports.csv rows=27596
2026-04-21 08:52:39,787 [INFO] Updated /data/silver/silver_crime_reports.csv rows=27690
2026-04-21 08:52:40,113 [INFO] Updated /data/silver/silver_crime_reports.csv rows=27764
2026-04-21 08:52:40,412 [INFO] Updated /data/silver/silver_crime_reports.csv rows=27853
2026-04-21 08:52:40,709 [INFO] Updated /data/silver/silver_crime_reports.csv rows=27938
2026-04-21 08:52:41,006 [INFO] Updated /data/silver/silver_crime_reports.csv rows=28027
2026-04-21 08:52:41,304 [INFO] Updated /data/silver/silver_crime_reports.csv rows=28109
2026-04-21 08:52:41,603 [INFO] Updated /data/silver/silver_crime_reports.csv rows=28205
2026-04-21 08:52:41,906 [INFO] Updated /data/silver/silver_crime_reports.csv rows=28287
2026-04-21 08:52:42,202 [INFO] Updated /data/silver/silver_crime_reports.csv rows=28363
2026-04-21 08:52:42,505 [INFO] Updated /data/silver/silver_crime_reports.csv rows=28436
2026-04-21 08:52:42,809 [INFO] Updated /data/silver/silver_crime_reports.csv rows=28514
2026-04-21 08:52:43,119 [INFO] Updated /data/silver/silver_crime_reports.csv rows=28602
2026-04-21 08:52:43,455 [INFO] Updated /data/silver/silver_crime_reports.csv rows=28694
2026-04-21 08:52:43,766 [INFO] Updated /data/silver/silver_crime_reports.csv rows=28784
2026-04-21 08:52:44,067 [INFO] Updated /data/silver/silver_crime_reports.csv rows=28872
2026-04-21 08:52:44,368 [INFO] Updated /data/silver/silver_crime_reports.csv rows=28965
2026-04-21 08:52:44,667 [INFO] Updated /data/silver/silver_crime_reports.csv rows=29046
2026-04-21 08:52:44,975 [INFO] Updated /data/silver/silver_crime_reports.csv rows=29138
2026-04-21 08:52:45,276 [INFO] Updated /data/silver/silver_crime_reports.csv rows=29218
2026-04-21 08:52:45,585 [INFO] Updated /data/silver/silver_crime_reports.csv rows=29298
2026-04-21 08:52:45,900 [INFO] Updated /data/silver/silver_crime_reports.csv rows=29381
2026-04-21 08:52:46,206 [INFO] Updated /data/silver/silver_crime_reports.csv rows=29467
2026-04-21 08:52:46,511 [INFO] Updated /data/silver/silver_crime_reports.csv rows=29543
2026-04-21 08:52:46,818 [INFO] Updated /data/silver/silver_crime_reports.csv rows=29632
2026-04-21 08:52:47,123 [INFO] Updated /data/silver/silver_crime_reports.csv rows=29722
2026-04-21 08:52:47,432 [INFO] Updated /data/silver/silver_crime_reports.csv rows=29804
2026-04-21 08:52:47,743 [INFO] Updated /data/silver/silver_crime_reports.csv rows=29883
2026-04-21 08:52:48,062 [INFO] Updated /data/silver/silver_crime_reports.csv rows=29969
2026-04-21 08:52:48,371 [INFO] Updated /data/silver/silver_crime_reports.csv rows=30058
2026-04-21 08:52:48,678 [INFO] Updated /data/silver/silver_crime_reports.csv rows=30147
2026-04-21 08:52:48,988 [INFO] Updated /data/silver/silver_crime_reports.csv rows=30233
2026-04-21 08:52:49,298 [INFO] Updated /data/silver/silver_crime_reports.csv rows=30317
2026-04-21 08:52:49,606 [INFO] Updated /data/silver/silver_crime_reports.csv rows=30407
2026-04-21 08:52:49,951 [INFO] Updated /data/silver/silver_crime_reports.csv rows=30489
2026-04-21 08:52:50,276 [INFO] Updated /data/silver/silver_crime_reports.csv rows=30576
2026-04-21 08:52:50,592 [INFO] Updated /data/silver/silver_crime_reports.csv rows=30658
2026-04-21 08:52:50,908 [INFO] Updated /data/silver/silver_crime_reports.csv rows=30736
2026-04-21 08:52:51,224 [INFO] Updated /data/silver/silver_crime_reports.csv rows=30825
2026-04-21 08:52:51,542 [INFO] Updated /data/silver/silver_crime_reports.csv rows=30921
2026-04-21 08:52:51,873 [INFO] Updated /data/silver/silver_crime_reports.csv rows=31016
2026-04-21 08:52:52,203 [INFO] Updated /data/silver/silver_crime_reports.csv rows=31100
2026-04-21 08:52:52,527 [INFO] Updated /data/silver/silver_crime_reports.csv rows=31187
2026-04-21 08:52:52,849 [INFO] Updated /data/silver/silver_crime_reports.csv rows=31276
2026-04-21 08:52:53,178 [INFO] Updated /data/silver/silver_crime_reports.csv rows=31359
2026-04-21 08:52:53,554 [INFO] Updated /data/silver/silver_crime_reports.csv rows=31437
2026-04-21 08:52:53,898 [INFO] Updated /data/silver/silver_crime_reports.csv rows=31525
2026-04-21 08:52:54,229 [INFO] Updated /data/silver/silver_crime_reports.csv rows=31608
2026-04-21 08:52:54,551 [INFO] Updated /data/silver/silver_crime_reports.csv rows=31693
2026-04-21 08:52:54,878 [INFO] Updated /data/silver/silver_crime_reports.csv rows=31773
2026-04-21 08:52:55,202 [INFO] Updated /data/silver/silver_crime_reports.csv rows=31861
2026-04-21 08:52:55,555 [INFO] Updated /data/silver/silver_crime_reports.csv rows=31952
2026-04-21 08:52:55,878 [INFO] Updated /data/silver/silver_crime_reports.csv rows=32041
2026-04-21 08:52:56,206 [INFO] Updated /data/silver/silver_crime_reports.csv rows=32131
2026-04-21 08:52:56,532 [INFO] Updated /data/silver/silver_crime_reports.csv rows=32214
2026-04-21 08:52:56,878 [INFO] Updated /data/silver/silver_crime_reports.csv rows=32304
2026-04-21 08:52:57,208 [INFO] Updated /data/silver/silver_crime_reports.csv rows=32383
2026-04-21 08:52:57,538 [INFO] Updated /data/silver/silver_crime_reports.csv rows=32470
2026-04-21 08:52:57,869 [INFO] Updated /data/silver/silver_crime_reports.csv rows=32552
2026-04-21 08:52:58,209 [INFO] Updated /data/silver/silver_crime_reports.csv rows=32631
2026-04-21 08:52:58,547 [INFO] Updated /data/silver/silver_crime_reports.csv rows=32720
2026-04-21 08:52:58,900 [INFO] Updated /data/silver/silver_crime_reports.csv rows=32805
2026-04-21 08:52:59,292 [INFO] Updated /data/silver/silver_crime_reports.csv rows=32893
2026-04-21 08:52:59,673 [INFO] Updated /data/silver/silver_crime_reports.csv rows=32974
2026-04-21 08:53:00,054 [INFO] Updated /data/silver/silver_crime_reports.csv rows=33053
2026-04-21 08:53:00,402 [INFO] Updated /data/silver/silver_crime_reports.csv rows=33133
2026-04-21 08:53:00,746 [INFO] Updated /data/silver/silver_crime_reports.csv rows=33229
2026-04-21 08:53:01,096 [INFO] Updated /data/silver/silver_crime_reports.csv rows=33311
2026-04-21 08:53:01,439 [INFO] Updated /data/silver/silver_crime_reports.csv rows=33399
2026-04-21 08:53:01,782 [INFO] Updated /data/silver/silver_crime_reports.csv rows=33480
2026-04-21 08:53:02,143 [INFO] Updated /data/silver/silver_crime_reports.csv rows=33567
2026-04-21 08:53:02,490 [INFO] Updated /data/silver/silver_crime_reports.csv rows=33655
2026-04-21 08:53:02,838 [INFO] Updated /data/silver/silver_crime_reports.csv rows=33736
2026-04-21 08:53:03,190 [INFO] Updated /data/silver/silver_crime_reports.csv rows=33827
2026-04-21 08:53:03,541 [INFO] Updated /data/silver/silver_crime_reports.csv rows=33915
2026-04-21 08:53:03,888 [INFO] Updated /data/silver/silver_crime_reports.csv rows=34002
2026-04-21 08:53:04,246 [INFO] Updated /data/silver/silver_crime_reports.csv rows=34088
2026-04-21 08:53:04,594 [INFO] Updated /data/silver/silver_crime_reports.csv rows=34167
2026-04-21 08:53:04,939 [INFO] Updated /data/silver/silver_crime_reports.csv rows=34246
2026-04-21 08:53:05,285 [INFO] Updated /data/silver/silver_crime_reports.csv rows=34337
2026-04-21 08:53:05,629 [INFO] Updated /data/silver/silver_crime_reports.csv rows=34429
2026-04-21 08:53:05,997 [INFO] Updated /data/silver/silver_crime_reports.csv rows=34510
2026-04-21 08:53:06,354 [INFO] Updated /data/silver/silver_crime_reports.csv rows=34592
2026-04-21 08:53:06,708 [INFO] Updated /data/silver/silver_crime_reports.csv rows=34675
2026-04-21 08:53:07,059 [INFO] Updated /data/silver/silver_crime_reports.csv rows=34768
2026-04-21 08:53:07,408 [INFO] Updated /data/silver/silver_crime_reports.csv rows=34850
2026-04-21 08:53:07,760 [INFO] Updated /data/silver/silver_crime_reports.csv rows=34937
2026-04-21 08:53:08,111 [INFO] Updated /data/silver/silver_crime_reports.csv rows=35008
2026-04-21 08:53:08,464 [INFO] Updated /data/silver/silver_crime_reports.csv rows=35088
2026-04-21 08:53:08,817 [INFO] Updated /data/silver/silver_crime_reports.csv rows=35175
2026-04-21 08:53:09,171 [INFO] Updated /data/silver/silver_crime_reports.csv rows=35270
2026-04-21 08:53:09,534 [INFO] Updated /data/silver/silver_crime_reports.csv rows=35351
2026-04-21 08:53:10,000 [INFO] Updated /data/silver/silver_crime_reports.csv rows=35435
2026-04-21 08:53:10,395 [INFO] Updated /data/silver/silver_crime_reports.csv rows=35524
2026-04-21 08:53:10,787 [INFO] Updated /data/silver/silver_crime_reports.csv rows=35604
2026-04-21 08:53:11,171 [INFO] Updated /data/silver/silver_crime_reports.csv rows=35693
2026-04-21 08:53:11,530 [INFO] Updated /data/silver/silver_crime_reports.csv rows=35765
2026-04-21 08:53:11,890 [INFO] Updated /data/silver/silver_crime_reports.csv rows=35841
2026-04-21 08:53:12,262 [INFO] Updated /data/silver/silver_crime_reports.csv rows=35919
2026-04-21 08:53:12,668 [INFO] Updated /data/silver/silver_crime_reports.csv rows=36004
2026-04-21 08:53:13,230 [INFO] Updated /data/silver/silver_crime_reports.csv rows=36078
2026-04-21 08:53:14,125 [INFO] Updated /data/silver/silver_crime_reports.csv rows=36163
2026-04-21 08:53:14,561 [INFO] Updated /data/silver/silver_crime_reports.csv rows=36257
2026-04-21 08:53:14,938 [INFO] Updated /data/silver/silver_crime_reports.csv rows=36354
2026-04-21 08:53:15,377 [INFO] Updated /data/silver/silver_crime_reports.csv rows=36440
2026-04-21 08:53:15,866 [INFO] Updated /data/silver/silver_crime_reports.csv rows=36512
2026-04-21 08:53:16,244 [INFO] Updated /data/silver/silver_crime_reports.csv rows=36604
2026-04-21 08:53:16,630 [INFO] Updated /data/silver/silver_crime_reports.csv rows=36694
2026-04-21 08:53:16,995 [INFO] Updated /data/silver/silver_crime_reports.csv rows=36786
2026-04-21 08:53:17,409 [INFO] Updated /data/silver/silver_crime_reports.csv rows=36875
2026-04-21 08:53:17,806 [INFO] Updated /data/silver/silver_crime_reports.csv rows=36954
2026-04-21 08:53:18,203 [INFO] Updated /data/silver/silver_crime_reports.csv rows=37043
2026-04-21 08:53:18,586 [INFO] Updated /data/silver/silver_crime_reports.csv rows=37127
2026-04-21 08:53:18,972 [INFO] Updated /data/silver/silver_crime_reports.csv rows=37219
2026-04-21 08:53:19,384 [INFO] Updated /data/silver/silver_crime_reports.csv rows=37288
2026-04-21 08:53:19,754 [INFO] Updated /data/silver/silver_crime_reports.csv rows=37373
2026-04-21 08:53:20,181 [INFO] Updated /data/silver/silver_crime_reports.csv rows=37460
2026-04-21 08:53:20,624 [INFO] Updated /data/silver/silver_crime_reports.csv rows=37541
2026-04-21 08:53:21,056 [INFO] Updated /data/silver/silver_crime_reports.csv rows=37629
2026-04-21 08:53:21,441 [INFO] Updated /data/silver/silver_crime_reports.csv rows=37705
2026-04-21 08:53:21,862 [INFO] Updated /data/silver/silver_crime_reports.csv rows=37783
2026-04-21 08:53:22,269 [INFO] Updated /data/silver/silver_crime_reports.csv rows=37876
2026-04-21 08:53:22,663 [INFO] Updated /data/silver/silver_crime_reports.csv rows=37956
2026-04-21 08:53:23,048 [INFO] Updated /data/silver/silver_crime_reports.csv rows=38045
2026-04-21 08:53:23,430 [INFO] Updated /data/silver/silver_crime_reports.csv rows=38130
2026-04-21 08:53:23,815 [INFO] Updated /data/silver/silver_crime_reports.csv rows=38220
2026-04-21 08:53:24,193 [INFO] Updated /data/silver/silver_crime_reports.csv rows=38297
2026-04-21 08:53:24,573 [INFO] Updated /data/silver/silver_crime_reports.csv rows=38383
2026-04-21 08:53:24,955 [INFO] Updated /data/silver/silver_crime_reports.csv rows=38473
2026-04-21 08:53:25,349 [INFO] Updated /data/silver/silver_crime_reports.csv rows=38561
2026-04-21 08:53:25,850 [INFO] Updated /data/silver/silver_crime_reports.csv rows=38645
2026-04-21 08:53:26,287 [INFO] Updated /data/silver/silver_crime_reports.csv rows=38725
2026-04-21 08:53:26,865 [INFO] Updated /data/silver/silver_crime_reports.csv rows=38819
2026-04-21 08:53:27,436 [INFO] Updated /data/silver/silver_crime_reports.csv rows=38900
2026-04-21 08:53:27,852 [INFO] Updated /data/silver/silver_crime_reports.csv rows=38984
2026-04-21 08:53:28,242 [INFO] Updated /data/silver/silver_crime_reports.csv rows=39064
2026-04-21 08:53:28,643 [INFO] Updated /data/silver/silver_crime_reports.csv rows=39152
2026-04-21 08:53:29,037 [INFO] Updated /data/silver/silver_crime_reports.csv rows=39236
2026-04-21 08:53:29,495 [INFO] Updated /data/silver/silver_crime_reports.csv rows=39323
2026-04-21 08:53:29,914 [INFO] Updated /data/silver/silver_crime_reports.csv rows=39410
2026-04-21 08:53:30,315 [INFO] Updated /data/silver/silver_crime_reports.csv rows=39499
2026-04-21 08:53:30,737 [INFO] Updated /data/silver/silver_crime_reports.csv rows=39593
2026-04-21 08:53:31,152 [INFO] Updated /data/silver/silver_crime_reports.csv rows=39668
2026-04-21 08:53:31,610 [INFO] Updated /data/silver/silver_crime_reports.csv rows=39754
2026-04-21 08:53:32,020 [INFO] Updated /data/silver/silver_crime_reports.csv rows=39829
2026-04-21 08:53:32,415 [INFO] Updated /data/silver/silver_crime_reports.csv rows=39922
2026-04-21 08:53:32,819 [INFO] Updated /data/silver/silver_crime_reports.csv rows=39999
2026-04-21 08:53:33,206 [INFO] Updated /data/silver/silver_crime_reports.csv rows=40084
2026-04-21 08:53:33,607 [INFO] Updated /data/silver/silver_crime_reports.csv rows=40165
2026-04-21 08:53:33,996 [INFO] Updated /data/silver/silver_crime_reports.csv rows=40247
2026-04-21 08:53:34,398 [INFO] Updated /data/silver/silver_crime_reports.csv rows=40328
2026-04-21 08:53:34,791 [INFO] Updated /data/silver/silver_crime_reports.csv rows=40413
2026-04-21 08:53:35,204 [INFO] Updated /data/silver/silver_crime_reports.csv rows=40504
2026-04-21 08:53:35,600 [INFO] Updated /data/silver/silver_crime_reports.csv rows=40593
2026-04-21 08:53:35,999 [INFO] Updated /data/silver/silver_crime_reports.csv rows=40682
2026-04-21 08:53:36,389 [INFO] Updated /data/silver/silver_crime_reports.csv rows=40765
2026-04-21 08:53:36,791 [INFO] Updated /data/silver/silver_crime_reports.csv rows=40841
2026-04-21 08:53:37,231 [INFO] Updated /data/silver/silver_crime_reports.csv rows=40928
2026-04-21 08:53:37,658 [INFO] Updated /data/silver/silver_crime_reports.csv rows=41008
2026-04-21 08:53:38,080 [INFO] Updated /data/silver/silver_crime_reports.csv rows=41090
2026-04-21 08:53:38,482 [INFO] Updated /data/silver/silver_crime_reports.csv rows=41171
2026-04-21 08:53:38,876 [INFO] Updated /data/silver/silver_crime_reports.csv rows=41241
2026-04-21 08:53:39,275 [INFO] Updated /data/silver/silver_crime_reports.csv rows=41331
2026-04-21 08:53:39,672 [INFO] Updated /data/silver/silver_crime_reports.csv rows=41416
2026-04-21 08:53:40,127 [INFO] Updated /data/silver/silver_crime_reports.csv rows=41494
2026-04-21 08:53:40,605 [INFO] Updated /data/silver/silver_crime_reports.csv rows=41586
2026-04-21 08:53:41,016 [INFO] Updated /data/silver/silver_crime_reports.csv rows=41673
2026-04-21 08:53:41,421 [INFO] Updated /data/silver/silver_crime_reports.csv rows=41755
2026-04-21 08:53:41,820 [INFO] Updated /data/silver/silver_crime_reports.csv rows=41839
2026-04-21 08:53:42,242 [INFO] Updated /data/silver/silver_crime_reports.csv rows=41928
2026-04-21 08:53:42,651 [INFO] Updated /data/silver/silver_crime_reports.csv rows=42009
2026-04-21 08:53:43,079 [INFO] Updated /data/silver/silver_crime_reports.csv rows=42088
2026-04-21 08:53:43,494 [INFO] Updated /data/silver/silver_crime_reports.csv rows=42179
2026-04-21 08:53:43,911 [INFO] Updated /data/silver/silver_crime_reports.csv rows=42258
2026-04-21 08:53:44,328 [INFO] Updated /data/silver/silver_crime_reports.csv rows=42335
2026-04-21 08:53:44,736 [INFO] Updated /data/silver/silver_crime_reports.csv rows=42419
2026-04-21 08:53:45,152 [INFO] Updated /data/silver/silver_crime_reports.csv rows=42509
2026-04-21 08:53:45,569 [INFO] Updated /data/silver/silver_crime_reports.csv rows=42584
2026-04-21 08:53:45,983 [INFO] Updated /data/silver/silver_crime_reports.csv rows=42663
2026-04-21 08:53:46,395 [INFO] Updated /data/silver/silver_crime_reports.csv rows=42742
2026-04-21 08:53:46,805 [INFO] Updated /data/silver/silver_crime_reports.csv rows=42816
2026-04-21 08:53:47,244 [INFO] Updated /data/silver/silver_crime_reports.csv rows=42894
2026-04-21 08:53:47,708 [INFO] Updated /data/silver/silver_crime_reports.csv rows=42982
2026-04-21 08:53:48,141 [INFO] Updated /data/silver/silver_crime_reports.csv rows=43076
2026-04-21 08:53:48,562 [INFO] Updated /data/silver/silver_crime_reports.csv rows=43168
2026-04-21 08:53:48,979 [INFO] Updated /data/silver/silver_crime_reports.csv rows=43251
2026-04-21 08:53:49,400 [INFO] Updated /data/silver/silver_crime_reports.csv rows=43345
2026-04-21 08:53:49,902 [INFO] Updated /data/silver/silver_crime_reports.csv rows=43440
2026-04-21 08:53:50,325 [INFO] Updated /data/silver/silver_crime_reports.csv rows=43525
2026-04-21 08:53:50,750 [INFO] Updated /data/silver/silver_crime_reports.csv rows=43606
2026-04-21 08:53:51,180 [INFO] Updated /data/silver/silver_crime_reports.csv rows=43690
2026-04-21 08:53:51,602 [INFO] Updated /data/silver/silver_crime_reports.csv rows=43767
2026-04-21 08:53:52,034 [INFO] Updated /data/silver/silver_crime_reports.csv rows=43844
2026-04-21 08:53:52,464 [INFO] Updated /data/silver/silver_crime_reports.csv rows=43925
2026-04-21 08:53:52,889 [INFO] Updated /data/silver/silver_crime_reports.csv rows=44010
2026-04-21 08:53:53,319 [INFO] Updated /data/silver/silver_crime_reports.csv rows=44106
2026-04-21 08:53:53,754 [INFO] Updated /data/silver/silver_crime_reports.csv rows=44200
2026-04-21 08:53:54,192 [INFO] Updated /data/silver/silver_crime_reports.csv rows=44283
2026-04-21 08:53:54,639 [INFO] Updated /data/silver/silver_crime_reports.csv rows=44378
2026-04-21 08:53:55,078 [INFO] Updated /data/silver/silver_crime_reports.csv rows=44471
2026-04-21 08:53:55,534 [INFO] Updated /data/silver/silver_crime_reports.csv rows=44560
2026-04-21 08:53:55,995 [INFO] Updated /data/silver/silver_crime_reports.csv rows=44642
2026-04-21 08:53:56,433 [INFO] Updated /data/silver/silver_crime_reports.csv rows=44738
2026-04-21 08:53:56,962 [INFO] Updated /data/silver/silver_crime_reports.csv rows=44827
2026-04-21 08:53:57,397 [INFO] Updated /data/silver/silver_crime_reports.csv rows=44918
2026-04-21 08:53:57,832 [INFO] Updated /data/silver/silver_crime_reports.csv rows=45006
2026-04-21 08:53:58,279 [INFO] Updated /data/silver/silver_crime_reports.csv rows=45100
2026-04-21 08:53:58,713 [INFO] Updated /data/silver/silver_crime_reports.csv rows=45187
2026-04-21 08:53:59,147 [INFO] Updated /data/silver/silver_crime_reports.csv rows=45272
2026-04-21 08:53:59,585 [INFO] Updated /data/silver/silver_crime_reports.csv rows=45352
2026-04-21 08:54:00,061 [INFO] Updated /data/silver/silver_crime_reports.csv rows=45446
2026-04-21 08:54:00,504 [INFO] Updated /data/silver/silver_crime_reports.csv rows=45531
2026-04-21 08:54:00,947 [INFO] Updated /data/silver/silver_crime_reports.csv rows=45611
2026-04-21 08:54:01,425 [INFO] Updated /data/silver/silver_crime_reports.csv rows=45705
2026-04-21 08:54:01,896 [INFO] Updated /data/silver/silver_crime_reports.csv rows=45799
2026-04-21 08:54:02,361 [INFO] Updated /data/silver/silver_crime_reports.csv rows=45888
2026-04-21 08:54:02,851 [INFO] Updated /data/silver/silver_crime_reports.csv rows=45977
2026-04-21 08:54:03,370 [INFO] Updated /data/silver/silver_crime_reports.csv rows=46074
2026-04-21 08:54:03,851 [INFO] Updated /data/silver/silver_crime_reports.csv rows=46170
2026-04-21 08:54:04,396 [INFO] Updated /data/silver/silver_crime_reports.csv rows=46249
2026-04-21 08:54:04,863 [INFO] Updated /data/silver/silver_crime_reports.csv rows=46328
2026-04-21 08:54:05,326 [INFO] Updated /data/silver/silver_crime_reports.csv rows=46413
2026-04-21 08:54:05,789 [INFO] Updated /data/silver/silver_crime_reports.csv rows=46505
2026-04-21 08:54:06,253 [INFO] Updated /data/silver/silver_crime_reports.csv rows=46585
2026-04-21 08:54:06,706 [INFO] Updated /data/silver/silver_crime_reports.csv rows=46673
2026-04-21 08:54:07,153 [INFO] Updated /data/silver/silver_crime_reports.csv rows=46759
2026-04-21 08:54:07,600 [INFO] Updated /data/silver/silver_crime_reports.csv rows=46851
2026-04-21 08:54:08,047 [INFO] Updated /data/silver/silver_crime_reports.csv rows=46932
2026-04-21 08:54:08,488 [INFO] Updated /data/silver/silver_crime_reports.csv rows=47021
2026-04-21 08:54:08,945 [INFO] Updated /data/silver/silver_crime_reports.csv rows=47102
2026-04-21 08:54:09,421 [INFO] Updated /data/silver/silver_crime_reports.csv rows=47189
2026-04-21 08:54:09,926 [INFO] Updated /data/silver/silver_crime_reports.csv rows=47281
2026-04-21 08:54:10,381 [INFO] Updated /data/silver/silver_crime_reports.csv rows=47373
2026-04-21 08:54:10,829 [INFO] Updated /data/silver/silver_crime_reports.csv rows=47455
2026-04-21 08:54:11,325 [INFO] Updated /data/silver/silver_crime_reports.csv rows=47548
2026-04-21 08:54:11,782 [INFO] Updated /data/silver/silver_crime_reports.csv rows=47639
2026-04-21 08:54:12,232 [INFO] Updated /data/silver/silver_crime_reports.csv rows=47723
2026-04-21 08:54:12,712 [INFO] Updated /data/silver/silver_crime_reports.csv rows=47805
2026-04-21 08:54:13,386 [INFO] Updated /data/silver/silver_crime_reports.csv rows=47894
2026-04-21 08:54:14,155 [INFO] Updated /data/silver/silver_crime_reports.csv rows=47982
2026-04-21 08:54:14,680 [INFO] Updated /data/silver/silver_crime_reports.csv rows=48076
2026-04-21 08:54:15,151 [INFO] Updated /data/silver/silver_crime_reports.csv rows=48165
2026-04-21 08:54:15,626 [INFO] Updated /data/silver/silver_crime_reports.csv rows=48254
2026-04-21 08:54:16,091 [INFO] Updated /data/silver/silver_crime_reports.csv rows=48342
2026-04-21 08:54:16,549 [INFO] Updated /data/silver/silver_crime_reports.csv rows=48429
2026-04-21 08:54:17,023 [INFO] Updated /data/silver/silver_crime_reports.csv rows=48518
2026-04-21 08:54:17,495 [INFO] Updated /data/silver/silver_crime_reports.csv rows=48593
2026-04-21 08:54:17,961 [INFO] Updated /data/silver/silver_crime_reports.csv rows=48673
2026-04-21 08:54:18,425 [INFO] Updated /data/silver/silver_crime_reports.csv rows=48767
2026-04-21 08:54:18,894 [INFO] Updated /data/silver/silver_crime_reports.csv rows=48850
2026-04-21 08:54:19,423 [INFO] Updated /data/silver/silver_crime_reports.csv rows=48936
2026-04-21 08:54:20,232 [INFO] Updated /data/silver/silver_crime_reports.csv rows=49023
2026-04-21 08:54:20,903 [INFO] Updated /data/silver/silver_crime_reports.csv rows=49109
2026-04-21 08:54:21,434 [INFO] Updated /data/silver/silver_crime_reports.csv rows=49189
2026-04-21 08:54:21,932 [INFO] Updated /data/silver/silver_crime_reports.csv rows=49272
2026-04-21 08:54:22,408 [INFO] Updated /data/silver/silver_crime_reports.csv rows=49358
2026-04-21 08:54:22,887 [INFO] Updated /data/silver/silver_crime_reports.csv rows=49447
2026-04-21 08:54:23,364 [INFO] Updated /data/silver/silver_crime_reports.csv rows=49539
2026-04-21 08:54:23,839 [INFO] Updated /data/silver/silver_crime_reports.csv rows=49624
2026-04-21 08:54:24,314 [INFO] Updated /data/silver/silver_crime_reports.csv rows=49699
2026-04-21 08:54:24,790 [INFO] Updated /data/silver/silver_crime_reports.csv rows=49774
2026-04-21 08:54:25,288 [INFO] Updated /data/silver/silver_crime_reports.csv rows=49859
2026-04-21 08:54:25,765 [INFO] Updated /data/silver/silver_crime_reports.csv rows=49952
2026-04-21 08:54:26,257 [INFO] Updated /data/silver/silver_crime_reports.csv rows=50047
2026-04-21 08:54:26,740 [INFO] Updated /data/silver/silver_crime_reports.csv rows=50138
2026-04-21 08:54:27,219 [INFO] Updated /data/silver/silver_crime_reports.csv rows=50229
2026-04-21 08:54:27,699 [INFO] Updated /data/silver/silver_crime_reports.csv rows=50312
2026-04-21 08:54:28,180 [INFO] Updated /data/silver/silver_crime_reports.csv rows=50403
2026-04-21 08:54:28,665 [INFO] Updated /data/silver/silver_crime_reports.csv rows=50492
2026-04-21 08:54:29,163 [INFO] Updated /data/silver/silver_crime_reports.csv rows=50574
2026-04-21 08:54:29,683 [INFO] Updated /data/silver/silver_crime_reports.csv rows=50650
2026-04-21 08:54:30,189 [INFO] Updated /data/silver/silver_crime_reports.csv rows=50744
2026-04-21 08:54:30,671 [INFO] Updated /data/silver/silver_crime_reports.csv rows=50824
2026-04-21 08:54:31,161 [INFO] Updated /data/silver/silver_crime_reports.csv rows=50902
2026-04-21 08:54:31,741 [INFO] Updated /data/silver/silver_crime_reports.csv rows=50984
2026-04-21 08:54:32,287 [INFO] Updated /data/silver/silver_crime_reports.csv rows=51078
2026-04-21 08:54:32,781 [INFO] Updated /data/silver/silver_crime_reports.csv rows=51170
2026-04-21 08:54:33,266 [INFO] Updated /data/silver/silver_crime_reports.csv rows=51254
2026-04-21 08:54:33,759 [INFO] Updated /data/silver/silver_crime_reports.csv rows=51346
2026-04-21 08:54:34,322 [INFO] Updated /data/silver/silver_crime_reports.csv rows=51433
2026-04-21 08:54:34,831 [INFO] Updated /data/silver/silver_crime_reports.csv rows=51518
2026-04-21 08:54:35,356 [INFO] Updated /data/silver/silver_crime_reports.csv rows=51602
2026-04-21 08:54:35,894 [INFO] Updated /data/silver/silver_crime_reports.csv rows=51692
2026-04-21 08:54:36,403 [INFO] Updated /data/silver/silver_crime_reports.csv rows=51771
2026-04-21 08:54:36,885 [INFO] Updated /data/silver/silver_crime_reports.csv rows=51856
2026-04-21 08:54:37,382 [INFO] Updated /data/silver/silver_crime_reports.csv rows=51947
2026-04-21 08:54:37,882 [INFO] Updated /data/silver/silver_crime_reports.csv rows=52030
2026-04-21 08:54:38,381 [INFO] Updated /data/silver/silver_crime_reports.csv rows=52124
2026-04-21 08:54:38,871 [INFO] Updated /data/silver/silver_crime_reports.csv rows=52202
2026-04-21 08:54:39,367 [INFO] Updated /data/silver/silver_crime_reports.csv rows=52290
2026-04-21 08:54:39,910 [INFO] Updated /data/silver/silver_crime_reports.csv rows=52384
2026-04-21 08:54:40,398 [INFO] Updated /data/silver/silver_crime_reports.csv rows=52466
2026-04-21 08:54:41,008 [INFO] Updated /data/silver/silver_crime_reports.csv rows=52566
2026-04-21 08:54:41,519 [INFO] Updated /data/silver/silver_crime_reports.csv rows=52666
2026-04-21 08:54:42,029 [INFO] Updated /data/silver/silver_crime_reports.csv rows=52756
2026-04-21 08:54:42,564 [INFO] Updated /data/silver/silver_crime_reports.csv rows=52842
2026-04-21 08:54:43,101 [INFO] Updated /data/silver/silver_crime_reports.csv rows=52929
2026-04-21 08:54:43,641 [INFO] Updated /data/silver/silver_crime_reports.csv rows=53015
2026-04-21 08:54:44,474 [INFO] Updated /data/silver/silver_crime_reports.csv rows=53107
2026-04-21 08:54:45,121 [INFO] Updated /data/silver/silver_crime_reports.csv rows=53201
2026-04-21 08:54:45,628 [INFO] Updated /data/silver/silver_crime_reports.csv rows=53287
2026-04-21 08:54:46,137 [INFO] Updated /data/silver/silver_crime_reports.csv rows=53361
2026-04-21 08:54:46,664 [INFO] Updated /data/silver/silver_crime_reports.csv rows=53443
2026-04-21 08:54:47,168 [INFO] Updated /data/silver/silver_crime_reports.csv rows=53523
2026-04-21 08:54:47,693 [INFO] Updated /data/silver/silver_crime_reports.csv rows=53603
2026-04-21 08:54:48,326 [INFO] Updated /data/silver/silver_crime_reports.csv rows=53693
2026-04-21 08:54:48,871 [INFO] Updated /data/silver/silver_crime_reports.csv rows=53783
2026-04-21 08:54:49,385 [INFO] Updated /data/silver/silver_crime_reports.csv rows=53858
2026-04-21 08:54:49,889 [INFO] Updated /data/silver/silver_crime_reports.csv rows=53948
2026-04-21 08:54:50,554 [INFO] Updated /data/silver/silver_crime_reports.csv rows=54025
2026-04-21 08:54:51,076 [INFO] Updated /data/silver/silver_crime_reports.csv rows=54108
2026-04-21 08:54:51,653 [INFO] Updated /data/silver/silver_crime_reports.csv rows=54197
2026-04-21 08:54:52,182 [INFO] Updated /data/silver/silver_crime_reports.csv rows=54271
2026-04-21 08:54:52,698 [INFO] Updated /data/silver/silver_crime_reports.csv rows=54364
2026-04-21 08:54:53,230 [INFO] Updated /data/silver/silver_crime_reports.csv rows=54447
2026-04-21 08:54:53,736 [INFO] Updated /data/silver/silver_crime_reports.csv rows=54542
2026-04-21 08:54:54,243 [INFO] Updated /data/silver/silver_crime_reports.csv rows=54622
2026-04-21 08:54:54,762 [INFO] Updated /data/silver/silver_crime_reports.csv rows=54711
2026-04-21 08:54:55,494 [INFO] Updated /data/silver/silver_crime_reports.csv rows=54792
2026-04-21 08:54:56,165 [INFO] Updated /data/silver/silver_crime_reports.csv rows=54879
2026-04-21 08:54:56,747 [INFO] Updated /data/silver/silver_crime_reports.csv rows=54971
2026-04-21 08:54:57,262 [INFO] Updated /data/silver/silver_crime_reports.csv rows=55053
2026-04-21 08:54:57,916 [INFO] Updated /data/silver/silver_crime_reports.csv rows=55130
2026-04-21 08:54:58,426 [INFO] Updated /data/silver/silver_crime_reports.csv rows=55212
2026-04-21 08:54:58,932 [INFO] Updated /data/silver/silver_crime_reports.csv rows=55306
2026-04-21 08:54:59,458 [INFO] Updated /data/silver/silver_crime_reports.csv rows=55394
2026-04-21 08:54:59,993 [INFO] Updated /data/silver/silver_crime_reports.csv rows=55482
2026-04-21 08:55:35,821 [INFO] Silver consumer started
2026-04-21 08:55:35,824 [INFO] <BrokerConnection node_id=bootstrap-0 host=kafka:9092 <connecting> [IPv4 ('172.19.0.4', 9092)]>: connecting to kafka:9092 [('172.19.0.4', 9092) IPv4]
2026-04-21 08:55:35,824 [INFO] Probing node bootstrap-0 broker version
2026-04-21 08:55:35,826 [INFO] <BrokerConnection node_id=bootstrap-0 host=kafka:9092 <connecting> [IPv4 ('172.19.0.4', 9092)]>: Connection complete.
2026-04-21 08:55:35,929 [INFO] Broker version identified as 2.6.0
2026-04-21 08:55:35,929 [INFO] Set configuration api_version=(2, 6, 0) to skip auto check_version requests on startup
2026-04-21 08:55:35,929 [INFO] Updating subscribed topics to: ('bronze_911_calls', 'bronze_crime_reports')
2026-04-21 08:55:36,033 [WARNING] Topic bronze_911_calls is not available during auto-create initialization
2026-04-21 08:55:36,034 [WARNING] Topic bronze_crime_reports is not available during auto-create initialization
2026-04-21 08:55:36,140 [INFO] <BrokerConnection node_id=1 host=kafka:9092 <connecting> [IPv4 ('172.19.0.4', 9092)]>: connecting to kafka:9092 [('172.19.0.4', 9092) IPv4]
2026-04-21 08:55:36,141 [INFO] <BrokerConnection node_id=1 host=kafka:9092 <connecting> [IPv4 ('172.19.0.4', 9092)]>: Connection complete.
2026-04-21 08:55:36,141 [INFO] <BrokerConnection node_id=bootstrap-0 host=kafka:9092 <connected> [IPv4 ('172.19.0.4', 9092)]>: Closing connection. 
2026-04-21 08:55:36,243 [INFO] Group coordinator for silver-consumer-group is BrokerMetadata(nodeId='coordinator-1', host='kafka', port=9092, rack=None)
2026-04-21 08:55:36,243 [INFO] Discovered coordinator coordinator-1 for group silver-consumer-group
2026-04-21 08:55:36,244 [INFO] Starting new heartbeat thread
2026-04-21 08:55:36,244 [INFO] Revoking previously assigned partitions set() for group silver-consumer-group
2026-04-21 08:55:36,245 [INFO] <BrokerConnection node_id=coordinator-1 host=kafka:9092 <connecting> [IPv4 ('172.19.0.4', 9092)]>: connecting to kafka:9092 [('172.19.0.4', 9092) IPv4]
2026-04-21 08:55:36,245 [INFO] <BrokerConnection node_id=coordinator-1 host=kafka:9092 <connecting> [IPv4 ('172.19.0.4', 9092)]>: Connection complete.
2026-04-21 08:55:36,346 [INFO] (Re-)joining group silver-consumer-group
2026-04-21 08:55:39,352 [INFO] Elected group leader -- performing partition assignments using range
2026-04-21 08:55:39,353 [WARNING] No partition metadata for topic bronze_911_calls
2026-04-21 08:55:39,353 [WARNING] No partition metadata for topic bronze_crime_reports
2026-04-21 08:55:39,356 [INFO] Successfully joined group silver-consumer-group with generation 1
2026-04-21 08:55:39,356 [INFO] Updated partition assignment: []
2026-04-21 08:55:39,356 [INFO] Setting newly assigned partitions set() for group silver-consumer-group
2026-04-21 08:55:39,357 [INFO] Revoking previously assigned partitions set() for group silver-consumer-group
2026-04-21 08:55:39,357 [INFO] (Re-)joining group silver-consumer-group
2026-04-21 08:55:39,358 [INFO] Elected group leader -- performing partition assignments using range
2026-04-21 08:55:39,359 [INFO] Successfully joined group silver-consumer-group with generation 2
2026-04-21 08:55:39,359 [INFO] Updated partition assignment: [TopicPartition(topic='bronze_911_calls', partition=0), TopicPartition(topic='bronze_crime_reports', partition=0)]
2026-04-21 08:55:39,360 [INFO] Setting newly assigned partitions {TopicPartition(topic='bronze_crime_reports', partition=0), TopicPartition(topic='bronze_911_calls', partition=0)} for group silver-consumer-group
2026-04-21 10:18:10,263 [WARNING] <BrokerConnection node_id=1 host=kafka:9092 <connected> [IPv4 ('172.19.0.4', 9092)]> timed out after 305000 ms. Closing connection.
2026-04-21 10:18:10,271 [ERROR] <BrokerConnection node_id=1 host=kafka:9092 <connected> [IPv4 ('172.19.0.4', 9092)]>: Closing connection. [Error 7] RequestTimedOutError: Request timed out after 305000 ms
2026-04-21 10:18:10,275 [ERROR] Fetch to node 1 failed: [Error 7] RequestTimedOutError: Request timed out after 305000 ms
2026-04-21 10:18:10,275 [INFO] Closing idle connection coordinator-1, last active 4090410 ms ago
2026-04-21 10:18:10,275 [INFO] <BrokerConnection node_id=coordinator-1 host=kafka:9092 <connected> [IPv4 ('172.19.0.4', 9092)]>: Closing connection. 
2026-04-21 10:18:10,276 [WARNING] Heartbeat session expired, marking coordinator dead
2026-04-21 10:18:10,276 [WARNING] Marking the coordinator dead (node coordinator-1) for group silver-consumer-group: Heartbeat session expired.
2026-04-21 10:18:10,283 [INFO] <BrokerConnection node_id=1 host=kafka:9092 <connecting> [IPv4 ('172.19.0.4', 9092)]>: connecting to kafka:9092 [('172.19.0.4', 9092) IPv4]
2026-04-21 10:18:10,283 [INFO] <BrokerConnection node_id=1 host=kafka:9092 <connecting> [IPv4 ('172.19.0.4', 9092)]>: Connection complete.
2026-04-21 10:18:10,389 [INFO] Group coordinator for silver-consumer-group is BrokerMetadata(nodeId='coordinator-1', host='kafka', port=9092, rack=None)
2026-04-21 10:18:10,390 [INFO] Discovered coordinator coordinator-1 for group silver-consumer-group
2026-04-21 10:18:10,391 [INFO] <BrokerConnection node_id=coordinator-1 host=kafka:9092 <connecting> [IPv4 ('172.19.0.4', 9092)]>: connecting to kafka:9092 [('172.19.0.4', 9092) IPv4]
2026-04-21 10:18:10,391 [INFO] <BrokerConnection node_id=coordinator-1 host=kafka:9092 <connecting> [IPv4 ('172.19.0.4', 9092)]>: Connection complete.
2026-04-21 10:18:10,894 [WARNING] Auto offset commit failed for group silver-consumer-group: NodeNotReadyError: coordinator-1
2026-04-21 11:27:44,329 [INFO] Closing idle connection coordinator-1, last active 4146904 ms ago
2026-04-21 11:27:44,330 [INFO] <BrokerConnection node_id=coordinator-1 host=kafka:9092 <connected> [IPv4 ('172.19.0.4', 9092)]>: Closing connection. 
2026-04-21 11:27:44,331 [WARNING] Heartbeat session expired, marking coordinator dead
2026-04-21 11:27:44,332 [WARNING] Marking the coordinator dead (node coordinator-1) for group silver-consumer-group: Heartbeat session expired.
2026-04-21 11:27:44,335 [INFO] Group coordinator for silver-consumer-group is BrokerMetadata(nodeId='coordinator-1', host='kafka', port=9092, rack=None)
2026-04-21 11:27:44,335 [INFO] Discovered coordinator coordinator-1 for group silver-consumer-group
2026-04-21 11:27:44,337 [INFO] <BrokerConnection node_id=coordinator-1 host=kafka:9092 <connecting> [IPv4 ('172.19.0.4', 9092)]>: connecting to kafka:9092 [('172.19.0.4', 9092) IPv4]
2026-04-21 11:27:44,338 [INFO] <BrokerConnection node_id=coordinator-1 host=kafka:9092 <connecting> [IPv4 ('172.19.0.4', 9092)]>: Connection complete.
2026-04-21 11:27:44,841 [WARNING] Auto offset commit failed for group silver-consumer-group: NodeNotReadyError: coordinator-1
2026-04-21 11:53:44,518 [INFO] Closing idle connection coordinator-1, last active 1533153 ms ago
2026-04-21 11:53:44,520 [INFO] <BrokerConnection node_id=coordinator-1 host=kafka:9092 <connected> [IPv4 ('172.19.0.4', 9092)]>: Closing connection. 
2026-04-21 11:53:44,522 [WARNING] Heartbeat session expired, marking coordinator dead
2026-04-21 11:53:44,522 [WARNING] Marking the coordinator dead (node coordinator-1) for group silver-consumer-group: Heartbeat session expired.
2026-04-21 11:53:44,526 [INFO] Group coordinator for silver-consumer-group is BrokerMetadata(nodeId='coordinator-1', host='kafka', port=9092, rack=None)
2026-04-21 11:53:44,527 [INFO] Discovered coordinator coordinator-1 for group silver-consumer-group
2026-04-21 11:53:44,532 [INFO] <BrokerConnection node_id=coordinator-1 host=kafka:9092 <connecting> [IPv4 ('172.19.0.4', 9092)]>: connecting to kafka:9092 [('172.19.0.4', 9092) IPv4]
2026-04-21 11:53:44,533 [INFO] <BrokerConnection node_id=coordinator-1 host=kafka:9092 <connecting> [IPv4 ('172.19.0.4', 9092)]>: Connection complete.
2026-04-21 11:53:45,036 [WARNING] Auto offset commit failed for group silver-consumer-group: NodeNotReadyError: coordinator-1
2026-04-21 12:03:43,654 [WARNING] <BrokerConnection node_id=1 host=kafka:9092 <connected> [IPv4 ('172.19.0.4', 9092)]> timed out after 305000 ms. Closing connection.
2026-04-21 12:03:43,662 [ERROR] <BrokerConnection node_id=1 host=kafka:9092 <connected> [IPv4 ('172.19.0.4', 9092)]>: Closing connection. [Error 7] RequestTimedOutError: Request timed out after 305000 ms
2026-04-21 12:03:43,665 [ERROR] Fetch to node 1 failed: [Error 7] RequestTimedOutError: Request timed out after 305000 ms
2026-04-21 12:03:43,666 [INFO] Closing idle connection coordinator-1, last active 572116 ms ago
2026-04-21 12:03:43,666 [INFO] <BrokerConnection node_id=coordinator-1 host=kafka:9092 <connected> [IPv4 ('172.19.0.4', 9092)]>: Closing connection. 
2026-04-21 12:03:43,676 [INFO] <BrokerConnection node_id=coordinator-1 host=kafka:9092 <connecting> [IPv4 ('172.19.0.4', 9092)]>: connecting to kafka:9092 [('172.19.0.4', 9092) IPv4]
2026-04-21 12:03:43,677 [INFO] <BrokerConnection node_id=coordinator-1 host=kafka:9092 <connecting> [IPv4 ('172.19.0.4', 9092)]>: Connection complete.
2026-04-21 12:03:43,678 [WARNING] Heartbeat session expired, marking coordinator dead
2026-04-21 12:03:43,679 [WARNING] Marking the coordinator dead (node coordinator-1) for group silver-consumer-group: Heartbeat session expired.
2026-04-21 12:03:43,681 [INFO] <BrokerConnection node_id=1 host=kafka:9092 <connecting> [IPv4 ('172.19.0.4', 9092)]>: connecting to kafka:9092 [('172.19.0.4', 9092) IPv4]
2026-04-21 12:03:43,682 [INFO] <BrokerConnection node_id=1 host=kafka:9092 <connecting> [IPv4 ('172.19.0.4', 9092)]>: Connection complete.
2026-04-21 12:03:43,684 [WARNING] Auto offset commit failed for group silver-consumer-group: NodeNotReadyError: coordinator-1
2026-04-21 12:03:43,689 [INFO] Group coordinator for silver-consumer-group is BrokerMetadata(nodeId='coordinator-1', host='kafka', port=9092, rack=None)
2026-04-21 12:03:43,689 [INFO] Discovered coordinator coordinator-1 for group silver-consumer-group
2026-04-21 12:35:00,356 [WARNING] <BrokerConnection node_id=1 host=kafka:9092 <connected> [IPv4 ('172.19.0.4', 9092)]> timed out after 305000 ms. Closing connection.
2026-04-21 12:35:00,358 [ERROR] <BrokerConnection node_id=1 host=kafka:9092 <connected> [IPv4 ('172.19.0.4', 9092)]>: Closing connection. [Error 7] RequestTimedOutError: Request timed out after 305000 ms
2026-04-21 12:35:00,359 [ERROR] Fetch to node 1 failed: [Error 7] RequestTimedOutError: Request timed out after 305000 ms
2026-04-21 12:35:00,359 [INFO] Closing idle connection coordinator-1, last active 1849618 ms ago
2026-04-21 12:35:00,359 [INFO] <BrokerConnection node_id=coordinator-1 host=kafka:9092 <connected> [IPv4 ('172.19.0.4', 9092)]>: Closing connection. 
2026-04-21 12:35:00,361 [INFO] <BrokerConnection node_id=coordinator-1 host=kafka:9092 <connecting> [IPv4 ('172.19.0.4', 9092)]>: connecting to kafka:9092 [('172.19.0.4', 9092) IPv4]
2026-04-21 12:35:00,361 [INFO] <BrokerConnection node_id=coordinator-1 host=kafka:9092 <connecting> [IPv4 ('172.19.0.4', 9092)]>: Connection complete.
2026-04-21 12:35:00,362 [INFO] <BrokerConnection node_id=1 host=kafka:9092 <connecting> [IPv4 ('172.19.0.4', 9092)]>: connecting to kafka:9092 [('172.19.0.4', 9092) IPv4]
2026-04-21 12:35:00,362 [INFO] <BrokerConnection node_id=1 host=kafka:9092 <connecting> [IPv4 ('172.19.0.4', 9092)]>: Connection complete.
2026-04-21 12:35:00,362 [WARNING] Auto offset commit failed for group silver-consumer-group: NodeNotReadyError: coordinator-1
2026-04-21 12:35:00,363 [WARNING] Heartbeat session expired, marking coordinator dead
2026-04-21 12:35:00,363 [WARNING] Marking the coordinator dead (node coordinator-1) for group silver-consumer-group: Heartbeat session expired.
2026-04-21 12:35:00,365 [INFO] Group coordinator for silver-consumer-group is BrokerMetadata(nodeId='coordinator-1', host='kafka', port=9092, rack=None)
2026-04-21 12:35:00,365 [INFO] Discovered coordinator coordinator-1 for group silver-consumer-group
2026-04-21 12:38:52,850 [WARNING] Heartbeat session expired, marking coordinator dead
2026-04-21 12:38:52,854 [WARNING] Marking the coordinator dead (node coordinator-1) for group silver-consumer-group: Heartbeat session expired.
2026-04-21 12:38:53,353 [INFO] Group coordinator for silver-consumer-group is BrokerMetadata(nodeId='coordinator-1', host='kafka', port=9092, rack=None)
2026-04-21 12:38:53,354 [INFO] Discovered coordinator coordinator-1 for group silver-consumer-group
