[2026-04-21T08:55:56.084+0000] {manager.py:470} INFO - Processing files using up to 2 processes at a time 
[2026-04-21T08:55:56.085+0000] {manager.py:471} INFO - Process each file at most once every 30 seconds
[2026-04-21T08:55:56.085+0000] {manager.py:472} INFO - Checking for new files in /opt/airflow/dags every 300 seconds
[2026-04-21T08:55:56.085+0000] {manager.py:737} INFO - Searching for files in /opt/airflow/dags
[2026-04-21T08:55:56.089+0000] {manager.py:740} INFO - There are 1 files in /opt/airflow/dags
[2026-04-21T08:55:56.173+0000] {manager.py:878} INFO - 
================================================================================
DAG File Processing Stats

File Path                                                PID  Runtime      # DAGs    # Errors  Last Runtime    Last Run
-----------------------------------------------------  -----  ---------  --------  ----------  --------------  ----------
/opt/airflow/dags/ingestion_seattle_population_dag.py    193  0.03s             0           0
================================================================================
[2026-04-21T08:56:26.395+0000] {manager.py:878} INFO - 
================================================================================
DAG File Processing Stats

File Path                                              PID    Runtime      # DAGs    # Errors  Last Runtime    Last Run
-----------------------------------------------------  -----  ---------  --------  ----------  --------------  -------------------
/opt/airflow/dags/ingestion_seattle_population_dag.py                           1           0  0.28s           2026-04-21T08:55:56
================================================================================
[2026-04-21T08:56:56.986+0000] {manager.py:878} INFO - 
================================================================================
DAG File Processing Stats

File Path                                                PID  Runtime      # DAGs    # Errors  Last Runtime    Last Run
-----------------------------------------------------  -----  ---------  --------  ----------  --------------  -------------------
/opt/airflow/dags/ingestion_seattle_population_dag.py    215  0.02s             1           0  0.12s           2026-04-21T08:56:26
================================================================================
[2026-04-21T08:57:27.335+0000] {manager.py:878} INFO - 
================================================================================
DAG File Processing Stats

File Path                                                PID  Runtime      # DAGs    # Errors  Last Runtime    Last Run
-----------------------------------------------------  -----  ---------  --------  ----------  --------------  -------------------
/opt/airflow/dags/ingestion_seattle_population_dag.py    226  0.01s             1           0  0.11s           2026-04-21T08:56:57
================================================================================
[2026-04-21T08:57:57.780+0000] {manager.py:878} INFO - 
================================================================================
DAG File Processing Stats

File Path                                                PID  Runtime      # DAGs    # Errors  Last Runtime    Last Run
-----------------------------------------------------  -----  ---------  --------  ----------  --------------  -------------------
/opt/airflow/dags/ingestion_seattle_population_dag.py    237  0.02s             1           0  0.12s           2026-04-21T08:57:27
================================================================================
[2026-04-21T08:58:28.226+0000] {manager.py:878} INFO - 
================================================================================
DAG File Processing Stats

File Path                                                PID  Runtime      # DAGs    # Errors  Last Runtime    Last Run
-----------------------------------------------------  -----  ---------  --------  ----------  --------------  -------------------
/opt/airflow/dags/ingestion_seattle_population_dag.py    248  0.02s             1           0  0.11s           2026-04-21T08:57:57
================================================================================
[2026-04-21T08:58:58.636+0000] {manager.py:878} INFO - 
================================================================================
DAG File Processing Stats

File Path                                                PID  Runtime      # DAGs    # Errors  Last Runtime    Last Run
-----------------------------------------------------  -----  ---------  --------  ----------  --------------  -------------------
/opt/airflow/dags/ingestion_seattle_population_dag.py    259  0.03s             1           0  0.27s           2026-04-21T08:58:28
================================================================================
[2026-04-21T08:59:28.899+0000] {manager.py:878} INFO - 
================================================================================
DAG File Processing Stats

File Path                                                PID  Runtime      # DAGs    # Errors  Last Runtime    Last Run
-----------------------------------------------------  -----  ---------  --------  ----------  --------------  -------------------
/opt/airflow/dags/ingestion_seattle_population_dag.py    270  0.02s             1           0  0.13s           2026-04-21T08:58:58
================================================================================
[2026-04-21T08:59:59.163+0000] {manager.py:878} INFO - 
================================================================================
DAG File Processing Stats

File Path                                                PID  Runtime      # DAGs    # Errors  Last Runtime    Last Run
-----------------------------------------------------  -----  ---------  --------  ----------  --------------  -------------------
/opt/airflow/dags/ingestion_seattle_population_dag.py    281  0.01s             1           0  0.10s           2026-04-21T08:59:28
================================================================================
[2026-04-21T09:00:29.459+0000] {manager.py:878} INFO - 
================================================================================
DAG File Processing Stats

File Path                                                PID  Runtime      # DAGs    # Errors  Last Runtime    Last Run
-----------------------------------------------------  -----  ---------  --------  ----------  --------------  -------------------
/opt/airflow/dags/ingestion_seattle_population_dag.py    292  0.02s             1           0  0.10s           2026-04-21T08:59:59
================================================================================
[2026-04-21T09:00:56.695+0000] {manager.py:737} INFO - Searching for files in /opt/airflow/dags
[2026-04-21T09:00:56.705+0000] {manager.py:740} INFO - There are 1 files in /opt/airflow/dags
[2026-04-21T09:00:59.768+0000] {manager.py:878} INFO - 
================================================================================
DAG File Processing Stats

File Path                                                PID  Runtime      # DAGs    # Errors  Last Runtime    Last Run
-----------------------------------------------------  -----  ---------  --------  ----------  --------------  -------------------
/opt/airflow/dags/ingestion_seattle_population_dag.py    303  0.01s             1           0  0.11s           2026-04-21T09:00:29
================================================================================
[2026-04-21T09:01:30.073+0000] {manager.py:878} INFO - 
================================================================================
DAG File Processing Stats

File Path                                                PID  Runtime      # DAGs    # Errors  Last Runtime    Last Run
-----------------------------------------------------  -----  ---------  --------  ----------  --------------  -------------------
/opt/airflow/dags/ingestion_seattle_population_dag.py    314  0.01s             1           0  0.10s           2026-04-21T09:00:59
================================================================================
[2026-04-21T09:02:00.298+0000] {manager.py:878} INFO - 
================================================================================
DAG File Processing Stats

File Path                                                PID  Runtime      # DAGs    # Errors  Last Runtime    Last Run
-----------------------------------------------------  -----  ---------  --------  ----------  --------------  -------------------
/opt/airflow/dags/ingestion_seattle_population_dag.py    325  0.01s             1           0  0.10s           2026-04-21T09:01:30
================================================================================
[2026-04-21T09:02:30.743+0000] {manager.py:878} INFO - 
================================================================================
DAG File Processing Stats

File Path                                                PID  Runtime      # DAGs    # Errors  Last Runtime    Last Run
-----------------------------------------------------  -----  ---------  --------  ----------  --------------  -------------------
/opt/airflow/dags/ingestion_seattle_population_dag.py    336  0.03s             1           0  0.10s           2026-04-21T09:02:00
================================================================================
[2026-04-21T09:03:01.073+0000] {manager.py:878} INFO - 
================================================================================
DAG File Processing Stats

File Path                                                PID  Runtime      # DAGs    # Errors  Last Runtime    Last Run
-----------------------------------------------------  -----  ---------  --------  ----------  --------------  -------------------
/opt/airflow/dags/ingestion_seattle_population_dag.py    346  0.02s             1           0  0.13s           2026-04-21T09:02:30
================================================================================
[2026-04-21T09:03:31.375+0000] {manager.py:878} INFO - 
================================================================================
DAG File Processing Stats

File Path                                                PID  Runtime      # DAGs    # Errors  Last Runtime    Last Run
-----------------------------------------------------  -----  ---------  --------  ----------  --------------  -------------------
/opt/airflow/dags/ingestion_seattle_population_dag.py    357  0.01s             1           0  0.11s           2026-04-21T09:03:01
================================================================================
[2026-04-21T09:04:01.656+0000] {manager.py:878} INFO - 
================================================================================
DAG File Processing Stats

File Path                                                PID  Runtime      # DAGs    # Errors  Last Runtime    Last Run
-----------------------------------------------------  -----  ---------  --------  ----------  --------------  -------------------
/opt/airflow/dags/ingestion_seattle_population_dag.py    368  0.01s             1           0  0.11s           2026-04-21T09:03:31
================================================================================
[2026-04-21T09:04:31.986+0000] {manager.py:878} INFO - 
================================================================================
DAG File Processing Stats

File Path                                                PID  Runtime      # DAGs    # Errors  Last Runtime    Last Run
-----------------------------------------------------  -----  ---------  --------  ----------  --------------  -------------------
/opt/airflow/dags/ingestion_seattle_population_dag.py    379  0.02s             1           0  0.08s           2026-04-21T09:04:01
================================================================================
[2026-04-21T09:05:02.383+0000] {manager.py:878} INFO - 
================================================================================
DAG File Processing Stats

File Path                                                PID  Runtime      # DAGs    # Errors  Last Runtime    Last Run
-----------------------------------------------------  -----  ---------  --------  ----------  --------------  -------------------
/opt/airflow/dags/ingestion_seattle_population_dag.py    390  0.01s             1           0  0.13s           2026-04-21T09:04:32
================================================================================
[2026-04-21T09:05:32.713+0000] {manager.py:878} INFO - 
================================================================================
DAG File Processing Stats

File Path                                                PID  Runtime      # DAGs    # Errors  Last Runtime    Last Run
-----------------------------------------------------  -----  ---------  --------  ----------  --------------  -------------------
/opt/airflow/dags/ingestion_seattle_population_dag.py    401  0.02s             1           0  0.09s           2026-04-21T09:05:02
================================================================================
[2026-04-21T09:05:56.938+0000] {manager.py:737} INFO - Searching for files in /opt/airflow/dags
[2026-04-21T09:05:56.962+0000] {manager.py:740} INFO - There are 1 files in /opt/airflow/dags
[2026-04-21T09:06:03.059+0000] {manager.py:878} INFO - 
================================================================================
DAG File Processing Stats

File Path                                                PID  Runtime      # DAGs    # Errors  Last Runtime    Last Run
-----------------------------------------------------  -----  ---------  --------  ----------  --------------  -------------------
/opt/airflow/dags/ingestion_seattle_population_dag.py    412  0.03s             1           0  0.14s           2026-04-21T09:05:32
================================================================================
[2026-04-21T09:06:33.365+0000] {manager.py:878} INFO - 
================================================================================
DAG File Processing Stats

File Path                                                PID  Runtime      # DAGs    # Errors  Last Runtime    Last Run
-----------------------------------------------------  -----  ---------  --------  ----------  --------------  -------------------
/opt/airflow/dags/ingestion_seattle_population_dag.py    423  0.01s             1           0  0.11s           2026-04-21T09:06:03
================================================================================
[2026-04-21T09:07:03.679+0000] {manager.py:878} INFO - 
================================================================================
DAG File Processing Stats

File Path                                                PID  Runtime      # DAGs    # Errors  Last Runtime    Last Run
-----------------------------------------------------  -----  ---------  --------  ----------  --------------  -------------------
/opt/airflow/dags/ingestion_seattle_population_dag.py    434  0.01s             1           0  0.10s           2026-04-21T09:06:33
================================================================================
[2026-04-21T09:07:33.938+0000] {manager.py:878} INFO - 
================================================================================
DAG File Processing Stats

File Path                                                PID  Runtime      # DAGs    # Errors  Last Runtime    Last Run
-----------------------------------------------------  -----  ---------  --------  ----------  --------------  -------------------
/opt/airflow/dags/ingestion_seattle_population_dag.py    445  0.02s             1           0  0.10s           2026-04-21T09:07:03
================================================================================
[2026-04-21T09:08:04.313+0000] {manager.py:878} INFO - 
================================================================================
DAG File Processing Stats

File Path                                                PID  Runtime      # DAGs    # Errors  Last Runtime    Last Run
-----------------------------------------------------  -----  ---------  --------  ----------  --------------  -------------------
/opt/airflow/dags/ingestion_seattle_population_dag.py    456  0.04s             1           0  0.13s           2026-04-21T09:07:34
================================================================================
[2026-04-21T09:08:34.597+0000] {manager.py:878} INFO - 
================================================================================
DAG File Processing Stats

File Path                                                PID  Runtime      # DAGs    # Errors  Last Runtime    Last Run
-----------------------------------------------------  -----  ---------  --------  ----------  --------------  -------------------
/opt/airflow/dags/ingestion_seattle_population_dag.py    468  0.02s             1           0  0.15s           2026-04-21T09:08:04
================================================================================
[2026-04-21T09:09:04.884+0000] {manager.py:878} INFO - 
================================================================================
DAG File Processing Stats

File Path                                                PID  Runtime      # DAGs    # Errors  Last Runtime    Last Run
-----------------------------------------------------  -----  ---------  --------  ----------  --------------  -------------------
/opt/airflow/dags/ingestion_seattle_population_dag.py    479  0.01s             1           0  0.11s           2026-04-21T09:08:34
================================================================================
[2026-04-21T09:09:35.147+0000] {manager.py:878} INFO - 
================================================================================
DAG File Processing Stats

File Path                                                PID  Runtime      # DAGs    # Errors  Last Runtime    Last Run
-----------------------------------------------------  -----  ---------  --------  ----------  --------------  -------------------
/opt/airflow/dags/ingestion_seattle_population_dag.py    490  0.02s             1           0  0.09s           2026-04-21T09:09:04
================================================================================
[2026-04-21T10:18:10.813+0000] {manager.py:737} INFO - Searching for files in /opt/airflow/dags
[2026-04-21T10:18:10.821+0000] {manager.py:740} INFO - There are 1 files in /opt/airflow/dags
[2026-04-21T10:18:13.893+0000] {manager.py:878} INFO - 
================================================================================
DAG File Processing Stats

File Path                                              PID    Runtime      # DAGs    # Errors  Last Runtime    Last Run
-----------------------------------------------------  -----  ---------  --------  ----------  --------------  -------------------
/opt/airflow/dags/ingestion_seattle_population_dag.py                           1           0  0.09s           2026-04-21T10:18:10
================================================================================
[2026-04-21T11:27:44.313+0000] {manager.py:737} INFO - Searching for files in /opt/airflow/dags
[2026-04-21T11:27:44.320+0000] {manager.py:740} INFO - There are 1 files in /opt/airflow/dags
[2026-04-21T11:27:48.408+0000] {manager.py:878} INFO - 
================================================================================
DAG File Processing Stats

File Path                                              PID    Runtime      # DAGs    # Errors  Last Runtime    Last Run
-----------------------------------------------------  -----  ---------  --------  ----------  --------------  -------------------
/opt/airflow/dags/ingestion_seattle_population_dag.py                           1           0  0.09s           2026-04-21T11:27:44
================================================================================
[2026-04-21T11:53:44.999+0000] {manager.py:737} INFO - Searching for files in /opt/airflow/dags
[2026-04-21T11:53:45.008+0000] {manager.py:740} INFO - There are 1 files in /opt/airflow/dags
[2026-04-21T11:53:49.159+0000] {manager.py:878} INFO - 
================================================================================
DAG File Processing Stats

File Path                                              PID    Runtime      # DAGs    # Errors  Last Runtime    Last Run
-----------------------------------------------------  -----  ---------  --------  ----------  --------------  -------------------
/opt/airflow/dags/ingestion_seattle_population_dag.py                           1           0  0.11s           2026-04-21T11:53:45
================================================================================
[2026-04-21T12:03:44.552+0000] {manager.py:737} INFO - Searching for files in /opt/airflow/dags
[2026-04-21T12:03:44.561+0000] {manager.py:740} INFO - There are 1 files in /opt/airflow/dags
[2026-04-21T12:03:48.635+0000] {manager.py:878} INFO - 
================================================================================
DAG File Processing Stats

File Path                                              PID    Runtime      # DAGs    # Errors  Last Runtime    Last Run
-----------------------------------------------------  -----  ---------  --------  ----------  --------------  -------------------
/opt/airflow/dags/ingestion_seattle_population_dag.py                           1           0  0.11s           2026-04-21T12:03:44
================================================================================
[2026-04-21T12:35:00.517+0000] {manager.py:737} INFO - Searching for files in /opt/airflow/dags
[2026-04-21T12:35:00.522+0000] {manager.py:740} INFO - There are 1 files in /opt/airflow/dags
[2026-04-21T12:35:05.634+0000] {manager.py:878} INFO - 
================================================================================
DAG File Processing Stats

File Path                                              PID    Runtime      # DAGs    # Errors  Last Runtime    Last Run
-----------------------------------------------------  -----  ---------  --------  ----------  --------------  -------------------
/opt/airflow/dags/ingestion_seattle_population_dag.py                           1           0  0.12s           2026-04-21T12:35:00
================================================================================
[2026-04-21T12:38:58.443+0000] {manager.py:878} INFO - 
================================================================================
DAG File Processing Stats

File Path                                              PID    Runtime      # DAGs    # Errors  Last Runtime    Last Run
-----------------------------------------------------  -----  ---------  --------  ----------  --------------  -------------------
/opt/airflow/dags/ingestion_seattle_population_dag.py                           1           0  0.13s           2026-04-21T12:38:53
================================================================================
[2026-04-21T12:39:28.779+0000] {manager.py:878} INFO - 
================================================================================
DAG File Processing Stats

File Path                                              PID    Runtime      # DAGs    # Errors  Last Runtime    Last Run
-----------------------------------------------------  -----  ---------  --------  ----------  --------------  -------------------
/opt/airflow/dags/ingestion_seattle_population_dag.py                           1           0  0.13s           2026-04-21T12:39:23
================================================================================
[2026-04-21T12:39:59.105+0000] {manager.py:878} INFO - 
================================================================================
DAG File Processing Stats

File Path                                              PID    Runtime      # DAGs    # Errors  Last Runtime    Last Run
-----------------------------------------------------  -----  ---------  --------  ----------  --------------  -------------------
/opt/airflow/dags/ingestion_seattle_population_dag.py                           1           0  0.14s           2026-04-21T12:39:54
================================================================================
[2026-04-21T12:40:01.127+0000] {manager.py:737} INFO - Searching for files in /opt/airflow/dags
[2026-04-21T12:40:01.131+0000] {manager.py:740} INFO - There are 1 files in /opt/airflow/dags
[2026-04-21T12:40:29.436+0000] {manager.py:878} INFO - 
================================================================================
DAG File Processing Stats

File Path                                              PID    Runtime      # DAGs    # Errors  Last Runtime    Last Run
-----------------------------------------------------  -----  ---------  --------  ----------  --------------  -------------------
/opt/airflow/dags/ingestion_seattle_population_dag.py                           1           0  0.10s           2026-04-21T12:40:24
================================================================================
[2026-04-21T12:40:59.850+0000] {manager.py:878} INFO - 
================================================================================
DAG File Processing Stats

File Path                                              PID    Runtime      # DAGs    # Errors  Last Runtime    Last Run
-----------------------------------------------------  -----  ---------  --------  ----------  --------------  -------------------
/opt/airflow/dags/ingestion_seattle_population_dag.py                           1           0  0.18s           2026-04-21T12:40:54
================================================================================
